{"C:\\Users\\hp\\Desktop\\Projet React\\OnGlob\\onGlob\\server.js": {"path":"C:\\Users\\hp\\Desktop\\Projet React\\OnGlob\\onGlob\\server.js","statementMap":{"0":{"start":{"line":1,"column":13},"end":{"line":1,"column":28}},"1":{"start":{"line":2,"column":16},"end":{"line":2,"column":34}},"2":{"start":{"line":3,"column":15},"end":{"line":3,"column":32}},"3":{"start":{"line":4,"column":15},"end":{"line":4,"column":32}},"4":{"start":{"line":5,"column":18},"end":{"line":5,"column":40}},"5":{"start":{"line":6,"column":22},"end":{"line":6,"column":48}},"6":{"start":{"line":7,"column":19},"end":{"line":7,"column":48}},"7":{"start":{"line":8,"column":21},"end":{"line":8,"column":45}},"8":{"start":{"line":9,"column":21},"end":{"line":9,"column":50}},"9":{"start":{"line":11,"column":12},"end":{"line":11,"column":21}},"10":{"start":{"line":14,"column":0},"end":{"line":14,"column":47}},"11":{"start":{"line":17,"column":0},"end":{"line":21,"column":1}},"12":{"start":{"line":18,"column":2},"end":{"line":18,"column":18}},"13":{"start":{"line":20,"column":2},"end":{"line":20,"column":14}},"14":{"start":{"line":24,"column":18},"end":{"line":24,"column":47}},"15":{"start":{"line":25,"column":16},"end":{"line":25,"column":43}},"16":{"start":{"line":26,"column":13},"end":{"line":26,"column":37}},"17":{"start":{"line":27,"column":14},"end":{"line":27,"column":39}},"18":{"start":{"line":28,"column":16},"end":{"line":28,"column":43}},"19":{"start":{"line":29,"column":16},"end":{"line":29,"column":44}},"20":{"start":{"line":30,"column":14},"end":{"line":30,"column":39}},"21":{"start":{"line":33,"column":0},"end":{"line":33,"column":24}},"22":{"start":{"line":36,"column":0},"end":{"line":36,"column":24}},"23":{"start":{"line":39,"column":0},"end":{"line":41,"column":1}},"24":{"start":{"line":40,"column":2},"end":{"line":40,"column":25}},"25":{"start":{"line":44,"column":0},"end":{"line":44,"column":22}},"26":{"start":{"line":47,"column":0},"end":{"line":47,"column":56}},"27":{"start":{"line":50,"column":0},"end":{"line":50,"column":40}},"28":{"start":{"line":51,"column":0},"end":{"line":51,"column":36}},"29":{"start":{"line":52,"column":0},"end":{"line":52,"column":30}},"30":{"start":{"line":53,"column":0},"end":{"line":53,"column":37}},"31":{"start":{"line":54,"column":0},"end":{"line":54,"column":36}},"32":{"start":{"line":55,"column":0},"end":{"line":55,"column":37}},"33":{"start":{"line":56,"column":0},"end":{"line":56,"column":32}},"34":{"start":{"line":57,"column":0},"end":{"line":57,"column":22}},"35":{"start":{"line":59,"column":13},"end":{"line":59,"column":37}},"36":{"start":{"line":61,"column":15},"end":{"line":64,"column":1}},"37":{"start":{"line":67,"column":0},"end":{"line":71,"column":3}},"38":{"start":{"line":68,"column":2},"end":{"line":68,"column":39}},"39":{"start":{"line":70,"column":2},"end":{"line":70,"column":38}},"40":{"start":{"line":70,"column":21},"end":{"line":70,"column":36}},"41":{"start":{"line":73,"column":0},"end":{"line":73,"column":24}}},"fnMap":{"0":{"name":"(anonymous_0)","decl":{"start":{"line":67,"column":33},"end":{"line":67,"column":34}},"loc":{"start":{"line":67,"column":51},"end":{"line":71,"column":1}},"line":67},"1":{"name":"(anonymous_1)","decl":{"start":{"line":70,"column":15},"end":{"line":70,"column":16}},"loc":{"start":{"line":70,"column":21},"end":{"line":70,"column":36}},"line":70}},"branchMap":{"0":{"loc":{"start":{"line":17,"column":0},"end":{"line":21,"column":1}},"type":"if","locations":[{"start":{"line":17,"column":0},"end":{"line":21,"column":1}},{"start":{"line":17,"column":0},"end":{"line":21,"column":1}}],"line":17},"1":{"loc":{"start":{"line":39,"column":0},"end":{"line":41,"column":1}},"type":"if","locations":[{"start":{"line":39,"column":0},"end":{"line":41,"column":1}},{"start":{"line":39,"column":0},"end":{"line":41,"column":1}}],"line":39},"2":{"loc":{"start":{"line":59,"column":13},"end":{"line":59,"column":37}},"type":"binary-expr","locations":[{"start":{"line":59,"column":13},"end":{"line":59,"column":29}},{"start":{"line":59,"column":33},"end":{"line":59,"column":37}}],"line":59}},"s":{"0":1,"1":1,"2":1,"3":1,"4":1,"5":1,"6":1,"7":1,"8":1,"9":1,"10":1,"11":1,"12":1,"13":0,"14":1,"15":1,"16":1,"17":1,"18":1,"19":1,"20":1,"21":1,"22":1,"23":1,"24":0,"25":1,"26":1,"27":1,"28":1,"29":1,"30":1,"31":1,"32":1,"33":1,"34":1,"35":1,"36":1,"37":1,"38":0,"39":0,"40":0,"41":1},"f":{"0":0,"1":0},"b":{"0":[1,0],"1":[0,1],"2":[1,0]},"_coverageSchema":"1a1c01bbd47fc00a2c39e90264f33305004495a9","hash":"17a23954c4fa48a19c39d21b40ead694afb0fcfc"}
,"C:\\Users\\hp\\Desktop\\Projet React\\OnGlob\\onGlob\\config\\db.js": {"path":"C:\\Users\\hp\\Desktop\\Projet React\\OnGlob\\onGlob\\config\\db.js","statementMap":{"0":{"start":{"line":1,"column":17},"end":{"line":1,"column":36}},"1":{"start":{"line":3,"column":18},"end":{"line":12,"column":1}},"2":{"start":{"line":4,"column":15},"end":{"line":9,"column":4}},"3":{"start":{"line":11,"column":2},"end":{"line":11,"column":60}},"4":{"start":{"line":14,"column":0},"end":{"line":14,"column":27}}},"fnMap":{"0":{"name":"(anonymous_0)","decl":{"start":{"line":3,"column":18},"end":{"line":3,"column":19}},"loc":{"start":{"line":3,"column":30},"end":{"line":12,"column":1}},"line":3}},"branchMap":{},"s":{"0":1,"1":1,"2":0,"3":0,"4":1},"f":{"0":0},"b":{},"_coverageSchema":"1a1c01bbd47fc00a2c39e90264f33305004495a9","hash":"ad98520749e80dcb3b264f1bf1731414ea919254"}
,"C:\\Users\\hp\\Desktop\\Projet React\\OnGlob\\onGlob\\config\\dbTest.js": {"path":"C:\\Users\\hp\\Desktop\\Projet React\\OnGlob\\onGlob\\config\\dbTest.js","statementMap":{"0":{"start":{"line":1,"column":17},"end":{"line":1,"column":36}},"1":{"start":{"line":3,"column":22},"end":{"line":12,"column":1}},"2":{"start":{"line":4,"column":15},"end":{"line":9,"column":4}},"3":{"start":{"line":11,"column":2},"end":{"line":11,"column":60}},"4":{"start":{"line":14,"column":0},"end":{"line":14,"column":31}}},"fnMap":{"0":{"name":"(anonymous_0)","decl":{"start":{"line":3,"column":22},"end":{"line":3,"column":23}},"loc":{"start":{"line":3,"column":34},"end":{"line":12,"column":1}},"line":3}},"branchMap":{},"s":{"0":1,"1":1,"2":1,"3":1,"4":1},"f":{"0":1},"b":{},"_coverageSchema":"1a1c01bbd47fc00a2c39e90264f33305004495a9","hash":"d40f3570ae90605edb41c4b12ae4c1b748b92d26"}
,"C:\\Users\\hp\\Desktop\\Projet React\\OnGlob\\onGlob\\controllers\\auth.js": {"path":"C:\\Users\\hp\\Desktop\\Projet React\\OnGlob\\onGlob\\controllers\\auth.js","statementMap":{"0":{"start":{"line":1,"column":15},"end":{"line":1,"column":32}},"1":{"start":{"line":2,"column":21},"end":{"line":2,"column":51}},"2":{"start":{"line":3,"column":22},"end":{"line":3,"column":55}},"3":{"start":{"line":4,"column":13},"end":{"line":4,"column":38}},"4":{"start":{"line":5,"column":18},"end":{"line":5,"column":47}},"5":{"start":{"line":10,"column":0},"end":{"line":22,"column":3}},"6":{"start":{"line":11,"column":42},"end":{"line":11,"column":50}},"7":{"start":{"line":14,"column":15},"end":{"line":19,"column":4}},"8":{"start":{"line":21,"column":2},"end":{"line":21,"column":36}},"9":{"start":{"line":27,"column":0},"end":{"line":49,"column":3}},"10":{"start":{"line":28,"column":30},"end":{"line":28,"column":38}},"11":{"start":{"line":31,"column":2},"end":{"line":33,"column":3}},"12":{"start":{"line":32,"column":4},"end":{"line":32,"column":80}},"13":{"start":{"line":36,"column":15},"end":{"line":36,"column":64}},"14":{"start":{"line":38,"column":2},"end":{"line":40,"column":3}},"15":{"start":{"line":39,"column":4},"end":{"line":39,"column":63}},"16":{"start":{"line":43,"column":18},"end":{"line":43,"column":52}},"17":{"start":{"line":44,"column":2},"end":{"line":46,"column":3}},"18":{"start":{"line":45,"column":4},"end":{"line":45,"column":63}},"19":{"start":{"line":48,"column":2},"end":{"line":48,"column":36}},"20":{"start":{"line":52,"column":26},"end":{"line":72,"column":1}},"21":{"start":{"line":54,"column":16},"end":{"line":54,"column":40}},"22":{"start":{"line":57,"column":18},"end":{"line":62,"column":3}},"23":{"start":{"line":64,"column":2},"end":{"line":66,"column":3}},"24":{"start":{"line":65,"column":4},"end":{"line":65,"column":26}},"25":{"start":{"line":68,"column":2},"end":{"line":71,"column":36}},"26":{"start":{"line":77,"column":0},"end":{"line":84,"column":3}},"27":{"start":{"line":78,"column":15},"end":{"line":78,"column":47}},"28":{"start":{"line":80,"column":2},"end":{"line":83,"column":5}},"29":{"start":{"line":89,"column":0},"end":{"line":127,"column":3}},"30":{"start":{"line":90,"column":15},"end":{"line":90,"column":60}},"31":{"start":{"line":91,"column":2},"end":{"line":93,"column":3}},"32":{"start":{"line":92,"column":4},"end":{"line":92,"column":76}},"33":{"start":{"line":96,"column":21},"end":{"line":96,"column":49}},"34":{"start":{"line":98,"column":2},"end":{"line":98,"column":48}},"35":{"start":{"line":101,"column":19},"end":{"line":103,"column":45}},"36":{"start":{"line":105,"column":18},"end":{"line":105,"column":164}},"37":{"start":{"line":107,"column":2},"end":{"line":126,"column":3}},"38":{"start":{"line":108,"column":4},"end":{"line":112,"column":7}},"39":{"start":{"line":114,"column":4},"end":{"line":117,"column":7}},"40":{"start":{"line":119,"column":4},"end":{"line":119,"column":21}},"41":{"start":{"line":120,"column":4},"end":{"line":120,"column":40}},"42":{"start":{"line":121,"column":4},"end":{"line":121,"column":41}},"43":{"start":{"line":123,"column":4},"end":{"line":123,"column":51}},"44":{"start":{"line":125,"column":4},"end":{"line":125,"column":67}},"45":{"start":{"line":132,"column":0},"end":{"line":156,"column":3}},"46":{"start":{"line":134,"column":29},"end":{"line":137,"column":18}},"47":{"start":{"line":139,"column":15},"end":{"line":142,"column":4}},"48":{"start":{"line":144,"column":2},"end":{"line":146,"column":3}},"49":{"start":{"line":145,"column":4},"end":{"line":145,"column":57}},"50":{"start":{"line":149,"column":2},"end":{"line":149,"column":36}},"51":{"start":{"line":150,"column":2},"end":{"line":150,"column":38}},"52":{"start":{"line":151,"column":2},"end":{"line":151,"column":39}},"53":{"start":{"line":153,"column":2},"end":{"line":153,"column":20}},"54":{"start":{"line":155,"column":2},"end":{"line":155,"column":36}},"55":{"start":{"line":162,"column":0},"end":{"line":177,"column":3}},"56":{"start":{"line":163,"column":25},"end":{"line":166,"column":3}},"57":{"start":{"line":168,"column":15},"end":{"line":171,"column":4}},"58":{"start":{"line":173,"column":2},"end":{"line":176,"column":5}},"59":{"start":{"line":183,"column":0},"end":{"line":195,"column":3}},"60":{"start":{"line":184,"column":15},"end":{"line":184,"column":68}},"61":{"start":{"line":187,"column":2},"end":{"line":189,"column":3}},"62":{"start":{"line":188,"column":4},"end":{"line":188,"column":65}},"63":{"start":{"line":191,"column":2},"end":{"line":191,"column":39}},"64":{"start":{"line":192,"column":2},"end":{"line":192,"column":20}},"65":{"start":{"line":194,"column":2},"end":{"line":194,"column":36}}},"fnMap":{"0":{"name":"(anonymous_0)","decl":{"start":{"line":10,"column":32},"end":{"line":10,"column":33}},"loc":{"start":{"line":10,"column":58},"end":{"line":22,"column":1}},"line":10},"1":{"name":"(anonymous_1)","decl":{"start":{"line":27,"column":29},"end":{"line":27,"column":30}},"loc":{"start":{"line":27,"column":55},"end":{"line":49,"column":1}},"line":27},"2":{"name":"(anonymous_2)","decl":{"start":{"line":52,"column":26},"end":{"line":52,"column":27}},"loc":{"start":{"line":52,"column":53},"end":{"line":72,"column":1}},"line":52},"3":{"name":"(anonymous_3)","decl":{"start":{"line":77,"column":29},"end":{"line":77,"column":30}},"loc":{"start":{"line":77,"column":55},"end":{"line":84,"column":1}},"line":77},"4":{"name":"(anonymous_4)","decl":{"start":{"line":89,"column":38},"end":{"line":89,"column":39}},"loc":{"start":{"line":89,"column":64},"end":{"line":127,"column":1}},"line":89},"5":{"name":"(anonymous_5)","decl":{"start":{"line":132,"column":37},"end":{"line":132,"column":38}},"loc":{"start":{"line":132,"column":63},"end":{"line":156,"column":1}},"line":132},"6":{"name":"(anonymous_6)","decl":{"start":{"line":162,"column":37},"end":{"line":162,"column":38}},"loc":{"start":{"line":162,"column":63},"end":{"line":177,"column":1}},"line":162},"7":{"name":"(anonymous_7)","decl":{"start":{"line":183,"column":38},"end":{"line":183,"column":39}},"loc":{"start":{"line":183,"column":64},"end":{"line":195,"column":1}},"line":183}},"branchMap":{"0":{"loc":{"start":{"line":31,"column":2},"end":{"line":33,"column":3}},"type":"if","locations":[{"start":{"line":31,"column":2},"end":{"line":33,"column":3}},{"start":{"line":31,"column":2},"end":{"line":33,"column":3}}],"line":31},"1":{"loc":{"start":{"line":31,"column":6},"end":{"line":31,"column":25}},"type":"binary-expr","locations":[{"start":{"line":31,"column":6},"end":{"line":31,"column":12}},{"start":{"line":31,"column":16},"end":{"line":31,"column":25}}],"line":31},"2":{"loc":{"start":{"line":38,"column":2},"end":{"line":40,"column":3}},"type":"if","locations":[{"start":{"line":38,"column":2},"end":{"line":40,"column":3}},{"start":{"line":38,"column":2},"end":{"line":40,"column":3}}],"line":38},"3":{"loc":{"start":{"line":44,"column":2},"end":{"line":46,"column":3}},"type":"if","locations":[{"start":{"line":44,"column":2},"end":{"line":46,"column":3}},{"start":{"line":44,"column":2},"end":{"line":46,"column":3}}],"line":44},"4":{"loc":{"start":{"line":64,"column":2},"end":{"line":66,"column":3}},"type":"if","locations":[{"start":{"line":64,"column":2},"end":{"line":66,"column":3}},{"start":{"line":64,"column":2},"end":{"line":66,"column":3}}],"line":64},"5":{"loc":{"start":{"line":91,"column":2},"end":{"line":93,"column":3}},"type":"if","locations":[{"start":{"line":91,"column":2},"end":{"line":93,"column":3}},{"start":{"line":91,"column":2},"end":{"line":93,"column":3}}],"line":91},"6":{"loc":{"start":{"line":144,"column":2},"end":{"line":146,"column":3}},"type":"if","locations":[{"start":{"line":144,"column":2},"end":{"line":146,"column":3}},{"start":{"line":144,"column":2},"end":{"line":146,"column":3}}],"line":144},"7":{"loc":{"start":{"line":187,"column":2},"end":{"line":189,"column":3}},"type":"if","locations":[{"start":{"line":187,"column":2},"end":{"line":189,"column":3}},{"start":{"line":187,"column":2},"end":{"line":189,"column":3}}],"line":187}},"s":{"0":1,"1":1,"2":1,"3":1,"4":1,"5":1,"6":0,"7":0,"8":0,"9":1,"10":0,"11":0,"12":0,"13":0,"14":0,"15":0,"16":0,"17":0,"18":0,"19":0,"20":1,"21":0,"22":0,"23":0,"24":0,"25":0,"26":1,"27":0,"28":0,"29":1,"30":0,"31":0,"32":0,"33":0,"34":0,"35":0,"36":0,"37":0,"38":0,"39":0,"40":0,"41":0,"42":0,"43":0,"44":0,"45":1,"46":0,"47":0,"48":0,"49":0,"50":0,"51":0,"52":0,"53":0,"54":0,"55":1,"56":0,"57":0,"58":0,"59":1,"60":0,"61":0,"62":0,"63":0,"64":0,"65":0},"f":{"0":0,"1":0,"2":0,"3":0,"4":0,"5":0,"6":0,"7":0},"b":{"0":[0,0],"1":[0,0],"2":[0,0],"3":[0,0],"4":[0,0],"5":[0,0],"6":[0,0],"7":[0,0]},"_coverageSchema":"1a1c01bbd47fc00a2c39e90264f33305004495a9","hash":"b2b07d166b0b12f26fdf0dd458e4705bb9c7511c"}
,"C:\\Users\\hp\\Desktop\\Projet React\\OnGlob\\onGlob\\controllers\\bootcamps.js": {"path":"C:\\Users\\hp\\Desktop\\Projet React\\OnGlob\\onGlob\\controllers\\bootcamps.js","statementMap":{"0":{"start":{"line":1,"column":13},"end":{"line":1,"column":28}},"1":{"start":{"line":2,"column":21},"end":{"line":2,"column":51}},"2":{"start":{"line":3,"column":22},"end":{"line":3,"column":55}},"3":{"start":{"line":4,"column":17},"end":{"line":4,"column":47}},"4":{"start":{"line":5,"column":17},"end":{"line":5,"column":45}},"5":{"start":{"line":10,"column":0},"end":{"line":12,"column":3}},"6":{"start":{"line":11,"column":2},"end":{"line":11,"column":44}},"7":{"start":{"line":17,"column":0},"end":{"line":26,"column":3}},"8":{"start":{"line":18,"column":19},"end":{"line":18,"column":57}},"9":{"start":{"line":20,"column":2},"end":{"line":24,"column":3}},"10":{"start":{"line":21,"column":4},"end":{"line":23,"column":6}},"11":{"start":{"line":25,"column":2},"end":{"line":25,"column":57}},"12":{"start":{"line":31,"column":0},"end":{"line":55,"column":3}},"13":{"start":{"line":33,"column":2},"end":{"line":33,"column":30}},"14":{"start":{"line":36,"column":28},"end":{"line":38,"column":4}},"15":{"start":{"line":41,"column":2},"end":{"line":48,"column":3}},"16":{"start":{"line":42,"column":4},"end":{"line":47,"column":6}},"17":{"start":{"line":49,"column":19},"end":{"line":49,"column":50}},"18":{"start":{"line":51,"column":2},"end":{"line":54,"column":5}},"19":{"start":{"line":60,"column":0},"end":{"line":88,"column":3}},"20":{"start":{"line":61,"column":17},"end":{"line":61,"column":55}},"21":{"start":{"line":63,"column":2},"end":{"line":67,"column":3}},"22":{"start":{"line":64,"column":4},"end":{"line":66,"column":6}},"23":{"start":{"line":70,"column":2},"end":{"line":77,"column":3}},"24":{"start":{"line":71,"column":4},"end":{"line":76,"column":6}},"25":{"start":{"line":79,"column":2},"end":{"line":82,"column":5}},"26":{"start":{"line":84,"column":2},"end":{"line":87,"column":5}},"27":{"start":{"line":92,"column":0},"end":{"line":109,"column":3}},"28":{"start":{"line":93,"column":19},"end":{"line":93,"column":57}},"29":{"start":{"line":95,"column":2},"end":{"line":102,"column":3}},"30":{"start":{"line":96,"column":4},"end":{"line":101,"column":6}},"31":{"start":{"line":103,"column":2},"end":{"line":103,"column":20}},"32":{"start":{"line":105,"column":2},"end":{"line":108,"column":5}},"33":{"start":{"line":114,"column":0},"end":{"line":136,"column":3}},"34":{"start":{"line":115,"column":32},"end":{"line":115,"column":42}},"35":{"start":{"line":118,"column":14},"end":{"line":118,"column":45}},"36":{"start":{"line":119,"column":14},"end":{"line":119,"column":29}},"37":{"start":{"line":120,"column":14},"end":{"line":120,"column":30}},"38":{"start":{"line":125,"column":17},"end":{"line":125,"column":32}},"39":{"start":{"line":127,"column":20},"end":{"line":129,"column":4}},"40":{"start":{"line":131,"column":2},"end":{"line":135,"column":5}},"41":{"start":{"line":142,"column":0},"end":{"line":198,"column":3}},"42":{"start":{"line":143,"column":19},"end":{"line":143,"column":57}},"43":{"start":{"line":145,"column":2},"end":{"line":149,"column":3}},"44":{"start":{"line":146,"column":4},"end":{"line":148,"column":6}},"45":{"start":{"line":152,"column":2},"end":{"line":159,"column":3}},"46":{"start":{"line":153,"column":4},"end":{"line":158,"column":6}},"47":{"start":{"line":161,"column":2},"end":{"line":163,"column":3}},"48":{"start":{"line":162,"column":4},"end":{"line":162,"column":65}},"49":{"start":{"line":165,"column":15},"end":{"line":165,"column":29}},"50":{"start":{"line":168,"column":2},"end":{"line":170,"column":3}},"51":{"start":{"line":169,"column":4},"end":{"line":169,"column":71}},"52":{"start":{"line":173,"column":2},"end":{"line":180,"column":3}},"53":{"start":{"line":174,"column":4},"end":{"line":179,"column":6}},"54":{"start":{"line":183,"column":2},"end":{"line":183,"column":66}},"55":{"start":{"line":185,"column":2},"end":{"line":197,"column":5}},"56":{"start":{"line":186,"column":4},"end":{"line":189,"column":5}},"57":{"start":{"line":187,"column":6},"end":{"line":187,"column":25}},"58":{"start":{"line":188,"column":6},"end":{"line":188,"column":57}},"59":{"start":{"line":191,"column":4},"end":{"line":191,"column":74}},"60":{"start":{"line":193,"column":4},"end":{"line":196,"column":7}}},"fnMap":{"0":{"name":"(anonymous_0)","decl":{"start":{"line":10,"column":36},"end":{"line":10,"column":37}},"loc":{"start":{"line":10,"column":62},"end":{"line":12,"column":1}},"line":10},"1":{"name":"(anonymous_1)","decl":{"start":{"line":17,"column":35},"end":{"line":17,"column":36}},"loc":{"start":{"line":17,"column":61},"end":{"line":26,"column":1}},"line":17},"2":{"name":"(anonymous_2)","decl":{"start":{"line":31,"column":39},"end":{"line":31,"column":40}},"loc":{"start":{"line":31,"column":65},"end":{"line":55,"column":1}},"line":31},"3":{"name":"(anonymous_3)","decl":{"start":{"line":60,"column":39},"end":{"line":60,"column":40}},"loc":{"start":{"line":60,"column":65},"end":{"line":88,"column":1}},"line":60},"4":{"name":"(anonymous_4)","decl":{"start":{"line":92,"column":39},"end":{"line":92,"column":40}},"loc":{"start":{"line":92,"column":65},"end":{"line":109,"column":1}},"line":92},"5":{"name":"(anonymous_5)","decl":{"start":{"line":114,"column":44},"end":{"line":114,"column":45}},"loc":{"start":{"line":114,"column":70},"end":{"line":136,"column":1}},"line":114},"6":{"name":"(anonymous_6)","decl":{"start":{"line":142,"column":43},"end":{"line":142,"column":44}},"loc":{"start":{"line":142,"column":69},"end":{"line":198,"column":1}},"line":142},"7":{"name":"(anonymous_7)","decl":{"start":{"line":185,"column":58},"end":{"line":185,"column":59}},"loc":{"start":{"line":185,"column":73},"end":{"line":197,"column":3}},"line":185}},"branchMap":{"0":{"loc":{"start":{"line":20,"column":2},"end":{"line":24,"column":3}},"type":"if","locations":[{"start":{"line":20,"column":2},"end":{"line":24,"column":3}},{"start":{"line":20,"column":2},"end":{"line":24,"column":3}}],"line":20},"1":{"loc":{"start":{"line":41,"column":2},"end":{"line":48,"column":3}},"type":"if","locations":[{"start":{"line":41,"column":2},"end":{"line":48,"column":3}},{"start":{"line":41,"column":2},"end":{"line":48,"column":3}}],"line":41},"2":{"loc":{"start":{"line":41,"column":6},"end":{"line":41,"column":52}},"type":"binary-expr","locations":[{"start":{"line":41,"column":6},"end":{"line":41,"column":23}},{"start":{"line":41,"column":27},"end":{"line":41,"column":52}}],"line":41},"3":{"loc":{"start":{"line":63,"column":2},"end":{"line":67,"column":3}},"type":"if","locations":[{"start":{"line":63,"column":2},"end":{"line":67,"column":3}},{"start":{"line":63,"column":2},"end":{"line":67,"column":3}}],"line":63},"4":{"loc":{"start":{"line":70,"column":2},"end":{"line":77,"column":3}},"type":"if","locations":[{"start":{"line":70,"column":2},"end":{"line":77,"column":3}},{"start":{"line":70,"column":2},"end":{"line":77,"column":3}}],"line":70},"5":{"loc":{"start":{"line":70,"column":6},"end":{"line":70,"column":75}},"type":"binary-expr","locations":[{"start":{"line":70,"column":6},"end":{"line":70,"column":46}},{"start":{"line":70,"column":50},"end":{"line":70,"column":75}}],"line":70},"6":{"loc":{"start":{"line":95,"column":2},"end":{"line":102,"column":3}},"type":"if","locations":[{"start":{"line":95,"column":2},"end":{"line":102,"column":3}},{"start":{"line":95,"column":2},"end":{"line":102,"column":3}}],"line":95},"7":{"loc":{"start":{"line":95,"column":6},"end":{"line":95,"column":75}},"type":"binary-expr","locations":[{"start":{"line":95,"column":6},"end":{"line":95,"column":46}},{"start":{"line":95,"column":50},"end":{"line":95,"column":75}}],"line":95},"8":{"loc":{"start":{"line":145,"column":2},"end":{"line":149,"column":3}},"type":"if","locations":[{"start":{"line":145,"column":2},"end":{"line":149,"column":3}},{"start":{"line":145,"column":2},"end":{"line":149,"column":3}}],"line":145},"9":{"loc":{"start":{"line":152,"column":2},"end":{"line":159,"column":3}},"type":"if","locations":[{"start":{"line":152,"column":2},"end":{"line":159,"column":3}},{"start":{"line":152,"column":2},"end":{"line":159,"column":3}}],"line":152},"10":{"loc":{"start":{"line":152,"column":6},"end":{"line":152,"column":75}},"type":"binary-expr","locations":[{"start":{"line":152,"column":6},"end":{"line":152,"column":46}},{"start":{"line":152,"column":50},"end":{"line":152,"column":75}}],"line":152},"11":{"loc":{"start":{"line":161,"column":2},"end":{"line":163,"column":3}},"type":"if","locations":[{"start":{"line":161,"column":2},"end":{"line":163,"column":3}},{"start":{"line":161,"column":2},"end":{"line":163,"column":3}}],"line":161},"12":{"loc":{"start":{"line":168,"column":2},"end":{"line":170,"column":3}},"type":"if","locations":[{"start":{"line":168,"column":2},"end":{"line":170,"column":3}},{"start":{"line":168,"column":2},"end":{"line":170,"column":3}}],"line":168},"13":{"loc":{"start":{"line":173,"column":2},"end":{"line":180,"column":3}},"type":"if","locations":[{"start":{"line":173,"column":2},"end":{"line":180,"column":3}},{"start":{"line":173,"column":2},"end":{"line":180,"column":3}}],"line":173},"14":{"loc":{"start":{"line":186,"column":4},"end":{"line":189,"column":5}},"type":"if","locations":[{"start":{"line":186,"column":4},"end":{"line":189,"column":5}},{"start":{"line":186,"column":4},"end":{"line":189,"column":5}}],"line":186}},"s":{"0":1,"1":1,"2":1,"3":1,"4":1,"5":1,"6":1,"7":1,"8":0,"9":0,"10":0,"11":0,"12":1,"13":0,"14":0,"15":0,"16":0,"17":0,"18":0,"19":1,"20":0,"21":0,"22":0,"23":0,"24":0,"25":0,"26":0,"27":1,"28":0,"29":0,"30":0,"31":0,"32":0,"33":1,"34":0,"35":0,"36":0,"37":0,"38":0,"39":0,"40":0,"41":1,"42":0,"43":0,"44":0,"45":0,"46":0,"47":0,"48":0,"49":0,"50":0,"51":0,"52":0,"53":0,"54":0,"55":0,"56":0,"57":0,"58":0,"59":0,"60":0},"f":{"0":1,"1":0,"2":0,"3":0,"4":0,"5":0,"6":0,"7":0},"b":{"0":[0,0],"1":[0,0],"2":[0,0],"3":[0,0],"4":[0,0],"5":[0,0],"6":[0,0],"7":[0,0],"8":[0,0],"9":[0,0],"10":[0,0],"11":[0,0],"12":[0,0],"13":[0,0],"14":[0,0]},"_coverageSchema":"1a1c01bbd47fc00a2c39e90264f33305004495a9","hash":"2108068c4b433c13813d84a62337610c9590a7f5"}
,"C:\\Users\\hp\\Desktop\\Projet React\\OnGlob\\onGlob\\controllers\\courses.js": {"path":"C:\\Users\\hp\\Desktop\\Projet React\\OnGlob\\onGlob\\controllers\\courses.js","statementMap":{"0":{"start":{"line":1,"column":21},"end":{"line":1,"column":51}},"1":{"start":{"line":2,"column":22},"end":{"line":2,"column":55}},"2":{"start":{"line":3,"column":15},"end":{"line":3,"column":42}},"3":{"start":{"line":4,"column":17},"end":{"line":4,"column":47}},"4":{"start":{"line":11,"column":0},"end":{"line":23,"column":3}},"5":{"start":{"line":12,"column":2},"end":{"line":22,"column":3}},"6":{"start":{"line":13,"column":20},"end":{"line":13,"column":74}},"7":{"start":{"line":15,"column":4},"end":{"line":19,"column":7}},"8":{"start":{"line":21,"column":4},"end":{"line":21,"column":46}},"9":{"start":{"line":29,"column":0},"end":{"line":44,"column":3}},"10":{"start":{"line":30,"column":17},"end":{"line":33,"column":4}},"11":{"start":{"line":35,"column":2},"end":{"line":39,"column":3}},"12":{"start":{"line":36,"column":4},"end":{"line":38,"column":6}},"13":{"start":{"line":40,"column":2},"end":{"line":43,"column":5}},"14":{"start":{"line":50,"column":0},"end":{"line":84,"column":3}},"15":{"start":{"line":51,"column":2},"end":{"line":51,"column":44}},"16":{"start":{"line":52,"column":2},"end":{"line":52,"column":30}},"17":{"start":{"line":54,"column":19},"end":{"line":57,"column":4}},"18":{"start":{"line":59,"column":2},"end":{"line":66,"column":3}},"19":{"start":{"line":60,"column":4},"end":{"line":65,"column":6}},"20":{"start":{"line":69,"column":2},"end":{"line":76,"column":3}},"21":{"start":{"line":70,"column":4},"end":{"line":75,"column":6}},"22":{"start":{"line":78,"column":17},"end":{"line":78,"column":46}},"23":{"start":{"line":80,"column":2},"end":{"line":83,"column":5}},"24":{"start":{"line":90,"column":0},"end":{"line":118,"column":3}},"25":{"start":{"line":91,"column":15},"end":{"line":91,"column":51}},"26":{"start":{"line":93,"column":2},"end":{"line":97,"column":3}},"27":{"start":{"line":94,"column":4},"end":{"line":96,"column":6}},"28":{"start":{"line":100,"column":2},"end":{"line":107,"column":3}},"29":{"start":{"line":101,"column":4},"end":{"line":106,"column":6}},"30":{"start":{"line":109,"column":2},"end":{"line":112,"column":5}},"31":{"start":{"line":114,"column":2},"end":{"line":117,"column":5}},"32":{"start":{"line":124,"column":0},"end":{"line":148,"column":3}},"33":{"start":{"line":125,"column":15},"end":{"line":125,"column":51}},"34":{"start":{"line":127,"column":2},"end":{"line":131,"column":3}},"35":{"start":{"line":128,"column":4},"end":{"line":130,"column":6}},"36":{"start":{"line":133,"column":2},"end":{"line":140,"column":3}},"37":{"start":{"line":134,"column":4},"end":{"line":139,"column":6}},"38":{"start":{"line":142,"column":2},"end":{"line":142,"column":24}},"39":{"start":{"line":144,"column":2},"end":{"line":147,"column":5}}},"fnMap":{"0":{"name":"(anonymous_0)","decl":{"start":{"line":11,"column":34},"end":{"line":11,"column":35}},"loc":{"start":{"line":11,"column":60},"end":{"line":23,"column":1}},"line":11},"1":{"name":"(anonymous_1)","decl":{"start":{"line":29,"column":33},"end":{"line":29,"column":34}},"loc":{"start":{"line":29,"column":59},"end":{"line":44,"column":1}},"line":29},"2":{"name":"(anonymous_2)","decl":{"start":{"line":50,"column":33},"end":{"line":50,"column":34}},"loc":{"start":{"line":50,"column":59},"end":{"line":84,"column":1}},"line":50},"3":{"name":"(anonymous_3)","decl":{"start":{"line":90,"column":36},"end":{"line":90,"column":37}},"loc":{"start":{"line":90,"column":62},"end":{"line":118,"column":1}},"line":90},"4":{"name":"(anonymous_4)","decl":{"start":{"line":124,"column":36},"end":{"line":124,"column":37}},"loc":{"start":{"line":124,"column":62},"end":{"line":148,"column":1}},"line":124}},"branchMap":{"0":{"loc":{"start":{"line":12,"column":2},"end":{"line":22,"column":3}},"type":"if","locations":[{"start":{"line":12,"column":2},"end":{"line":22,"column":3}},{"start":{"line":12,"column":2},"end":{"line":22,"column":3}}],"line":12},"1":{"loc":{"start":{"line":35,"column":2},"end":{"line":39,"column":3}},"type":"if","locations":[{"start":{"line":35,"column":2},"end":{"line":39,"column":3}},{"start":{"line":35,"column":2},"end":{"line":39,"column":3}}],"line":35},"2":{"loc":{"start":{"line":59,"column":2},"end":{"line":66,"column":3}},"type":"if","locations":[{"start":{"line":59,"column":2},"end":{"line":66,"column":3}},{"start":{"line":59,"column":2},"end":{"line":66,"column":3}}],"line":59},"3":{"loc":{"start":{"line":69,"column":2},"end":{"line":76,"column":3}},"type":"if","locations":[{"start":{"line":69,"column":2},"end":{"line":76,"column":3}},{"start":{"line":69,"column":2},"end":{"line":76,"column":3}}],"line":69},"4":{"loc":{"start":{"line":69,"column":6},"end":{"line":69,"column":75}},"type":"binary-expr","locations":[{"start":{"line":69,"column":6},"end":{"line":69,"column":46}},{"start":{"line":69,"column":50},"end":{"line":69,"column":75}}],"line":69},"5":{"loc":{"start":{"line":93,"column":2},"end":{"line":97,"column":3}},"type":"if","locations":[{"start":{"line":93,"column":2},"end":{"line":97,"column":3}},{"start":{"line":93,"column":2},"end":{"line":97,"column":3}}],"line":93},"6":{"loc":{"start":{"line":100,"column":2},"end":{"line":107,"column":3}},"type":"if","locations":[{"start":{"line":100,"column":2},"end":{"line":107,"column":3}},{"start":{"line":100,"column":2},"end":{"line":107,"column":3}}],"line":100},"7":{"loc":{"start":{"line":100,"column":6},"end":{"line":100,"column":73}},"type":"binary-expr","locations":[{"start":{"line":100,"column":6},"end":{"line":100,"column":44}},{"start":{"line":100,"column":48},"end":{"line":100,"column":73}}],"line":100},"8":{"loc":{"start":{"line":127,"column":2},"end":{"line":131,"column":3}},"type":"if","locations":[{"start":{"line":127,"column":2},"end":{"line":131,"column":3}},{"start":{"line":127,"column":2},"end":{"line":131,"column":3}}],"line":127},"9":{"loc":{"start":{"line":133,"column":2},"end":{"line":140,"column":3}},"type":"if","locations":[{"start":{"line":133,"column":2},"end":{"line":140,"column":3}},{"start":{"line":133,"column":2},"end":{"line":140,"column":3}}],"line":133},"10":{"loc":{"start":{"line":133,"column":6},"end":{"line":133,"column":73}},"type":"binary-expr","locations":[{"start":{"line":133,"column":6},"end":{"line":133,"column":44}},{"start":{"line":133,"column":48},"end":{"line":133,"column":73}}],"line":133}},"s":{"0":1,"1":1,"2":1,"3":1,"4":1,"5":0,"6":0,"7":0,"8":0,"9":1,"10":0,"11":0,"12":0,"13":0,"14":1,"15":0,"16":0,"17":0,"18":0,"19":0,"20":0,"21":0,"22":0,"23":0,"24":1,"25":0,"26":0,"27":0,"28":0,"29":0,"30":0,"31":0,"32":1,"33":0,"34":0,"35":0,"36":0,"37":0,"38":0,"39":0},"f":{"0":0,"1":0,"2":0,"3":0,"4":0},"b":{"0":[0,0],"1":[0,0],"2":[0,0],"3":[0,0],"4":[0,0],"5":[0,0],"6":[0,0],"7":[0,0],"8":[0,0],"9":[0,0],"10":[0,0]},"_coverageSchema":"1a1c01bbd47fc00a2c39e90264f33305004495a9","hash":"f55f701191ea51107dd2c76ded284aeccce6f1b1"}
,"C:\\Users\\hp\\Desktop\\Projet React\\OnGlob\\onGlob\\controllers\\posts.js": {"path":"C:\\Users\\hp\\Desktop\\Projet React\\OnGlob\\onGlob\\controllers\\posts.js","statementMap":{"0":{"start":{"line":1,"column":21},"end":{"line":1,"column":51}},"1":{"start":{"line":2,"column":22},"end":{"line":2,"column":55}},"2":{"start":{"line":3,"column":13},"end":{"line":3,"column":38}},"3":{"start":{"line":4,"column":13},"end":{"line":4,"column":38}},"4":{"start":{"line":5,"column":19},"end":{"line":5,"column":44}},"5":{"start":{"line":11,"column":0},"end":{"line":24,"column":3}},"6":{"start":{"line":12,"column":18},"end":{"line":16,"column":3}},"7":{"start":{"line":18,"column":15},"end":{"line":18,"column":41}},"8":{"start":{"line":20,"column":2},"end":{"line":23,"column":5}},"9":{"start":{"line":30,"column":0},"end":{"line":42,"column":3}},"10":{"start":{"line":31,"column":16},"end":{"line":31,"column":54}},"11":{"start":{"line":33,"column":2},"end":{"line":35,"column":3}},"12":{"start":{"line":34,"column":4},"end":{"line":34,"column":61}},"13":{"start":{"line":37,"column":2},"end":{"line":41,"column":5}},"14":{"start":{"line":48,"column":0},"end":{"line":61,"column":3}},"15":{"start":{"line":49,"column":15},"end":{"line":49,"column":49}},"16":{"start":{"line":51,"column":2},"end":{"line":55,"column":3}},"17":{"start":{"line":52,"column":4},"end":{"line":54,"column":6}},"18":{"start":{"line":57,"column":2},"end":{"line":60,"column":5}},"19":{"start":{"line":66,"column":0},"end":{"line":81,"column":3}},"20":{"start":{"line":67,"column":13},"end":{"line":67,"column":47}},"21":{"start":{"line":69,"column":2},"end":{"line":73,"column":3}},"22":{"start":{"line":70,"column":4},"end":{"line":72,"column":6}},"23":{"start":{"line":75,"column":2},"end":{"line":75,"column":22}},"24":{"start":{"line":77,"column":2},"end":{"line":80,"column":5}},"25":{"start":{"line":86,"column":0},"end":{"line":112,"column":3}},"26":{"start":{"line":87,"column":13},"end":{"line":87,"column":47}},"27":{"start":{"line":89,"column":2},"end":{"line":93,"column":3}},"28":{"start":{"line":90,"column":4},"end":{"line":92,"column":6}},"29":{"start":{"line":95,"column":16},"end":{"line":95,"column":37}},"30":{"start":{"line":97,"column":2},"end":{"line":103,"column":3}},"31":{"start":{"line":98,"column":32},"end":{"line":98,"column":68}},"32":{"start":{"line":100,"column":4},"end":{"line":102,"column":6}},"33":{"start":{"line":105,"column":2},"end":{"line":105,"column":28}},"34":{"start":{"line":106,"column":2},"end":{"line":106,"column":20}},"35":{"start":{"line":108,"column":2},"end":{"line":111,"column":5}},"36":{"start":{"line":118,"column":0},"end":{"line":145,"column":3}},"37":{"start":{"line":119,"column":13},"end":{"line":119,"column":47}},"38":{"start":{"line":121,"column":2},"end":{"line":125,"column":3}},"39":{"start":{"line":122,"column":4},"end":{"line":124,"column":6}},"40":{"start":{"line":127,"column":2},"end":{"line":132,"column":3}},"41":{"start":{"line":128,"column":32},"end":{"line":128,"column":68}},"42":{"start":{"line":131,"column":4},"end":{"line":131,"column":71}},"43":{"start":{"line":133,"column":22},"end":{"line":135,"column":25}},"44":{"start":{"line":134,"column":19},"end":{"line":134,"column":39}},"45":{"start":{"line":137,"column":2},"end":{"line":137,"column":36}},"46":{"start":{"line":139,"column":2},"end":{"line":139,"column":20}},"47":{"start":{"line":141,"column":2},"end":{"line":144,"column":5}},"48":{"start":{"line":150,"column":0},"end":{"line":172,"column":3}},"49":{"start":{"line":151,"column":13},"end":{"line":151,"column":47}},"50":{"start":{"line":153,"column":2},"end":{"line":157,"column":3}},"51":{"start":{"line":154,"column":4},"end":{"line":156,"column":6}},"52":{"start":{"line":159,"column":21},"end":{"line":163,"column":3}},"53":{"start":{"line":165,"column":2},"end":{"line":165,"column":36}},"54":{"start":{"line":166,"column":2},"end":{"line":166,"column":20}},"55":{"start":{"line":168,"column":2},"end":{"line":171,"column":5}},"56":{"start":{"line":178,"column":0},"end":{"line":217,"column":3}},"57":{"start":{"line":179,"column":13},"end":{"line":179,"column":47}},"58":{"start":{"line":181,"column":2},"end":{"line":185,"column":3}},"59":{"start":{"line":182,"column":4},"end":{"line":184,"column":6}},"60":{"start":{"line":188,"column":18},"end":{"line":190,"column":3}},"61":{"start":{"line":189,"column":17},"end":{"line":189,"column":53}},"62":{"start":{"line":192,"column":2},"end":{"line":199,"column":3}},"63":{"start":{"line":193,"column":4},"end":{"line":198,"column":6}},"64":{"start":{"line":202,"column":2},"end":{"line":204,"column":3}},"65":{"start":{"line":203,"column":4},"end":{"line":203,"column":65}},"66":{"start":{"line":206,"column":22},"end":{"line":208,"column":25}},"67":{"start":{"line":207,"column":22},"end":{"line":207,"column":45}},"68":{"start":{"line":210,"column":2},"end":{"line":210,"column":39}},"69":{"start":{"line":211,"column":2},"end":{"line":211,"column":20}},"70":{"start":{"line":213,"column":2},"end":{"line":216,"column":5}}},"fnMap":{"0":{"name":"(anonymous_0)","decl":{"start":{"line":11,"column":34},"end":{"line":11,"column":35}},"loc":{"start":{"line":11,"column":60},"end":{"line":24,"column":1}},"line":11},"1":{"name":"(anonymous_1)","decl":{"start":{"line":30,"column":32},"end":{"line":30,"column":33}},"loc":{"start":{"line":30,"column":58},"end":{"line":42,"column":1}},"line":30},"2":{"name":"(anonymous_2)","decl":{"start":{"line":48,"column":31},"end":{"line":48,"column":32}},"loc":{"start":{"line":48,"column":57},"end":{"line":61,"column":1}},"line":48},"3":{"name":"(anonymous_3)","decl":{"start":{"line":66,"column":34},"end":{"line":66,"column":35}},"loc":{"start":{"line":66,"column":60},"end":{"line":81,"column":1}},"line":66},"4":{"name":"(anonymous_4)","decl":{"start":{"line":86,"column":32},"end":{"line":86,"column":33}},"loc":{"start":{"line":86,"column":58},"end":{"line":112,"column":1}},"line":86},"5":{"name":"(anonymous_5)","decl":{"start":{"line":98,"column":22},"end":{"line":98,"column":23}},"loc":{"start":{"line":98,"column":32},"end":{"line":98,"column":68}},"line":98},"6":{"name":"(anonymous_6)","decl":{"start":{"line":118,"column":34},"end":{"line":118,"column":35}},"loc":{"start":{"line":118,"column":60},"end":{"line":145,"column":1}},"line":118},"7":{"name":"(anonymous_7)","decl":{"start":{"line":128,"column":22},"end":{"line":128,"column":23}},"loc":{"start":{"line":128,"column":32},"end":{"line":128,"column":68}},"line":128},"8":{"name":"(anonymous_8)","decl":{"start":{"line":134,"column":9},"end":{"line":134,"column":10}},"loc":{"start":{"line":134,"column":19},"end":{"line":134,"column":39}},"line":134},"9":{"name":"(anonymous_9)","decl":{"start":{"line":150,"column":35},"end":{"line":150,"column":36}},"loc":{"start":{"line":150,"column":61},"end":{"line":172,"column":1}},"line":150},"10":{"name":"(anonymous_10)","decl":{"start":{"line":178,"column":37},"end":{"line":178,"column":38}},"loc":{"start":{"line":178,"column":63},"end":{"line":217,"column":1}},"line":178},"11":{"name":"(anonymous_11)","decl":{"start":{"line":189,"column":4},"end":{"line":189,"column":5}},"loc":{"start":{"line":189,"column":17},"end":{"line":189,"column":53}},"line":189},"12":{"name":"(anonymous_12)","decl":{"start":{"line":207,"column":9},"end":{"line":207,"column":10}},"loc":{"start":{"line":207,"column":22},"end":{"line":207,"column":45}},"line":207}},"branchMap":{"0":{"loc":{"start":{"line":33,"column":2},"end":{"line":35,"column":3}},"type":"if","locations":[{"start":{"line":33,"column":2},"end":{"line":35,"column":3}},{"start":{"line":33,"column":2},"end":{"line":35,"column":3}}],"line":33},"1":{"loc":{"start":{"line":51,"column":2},"end":{"line":55,"column":3}},"type":"if","locations":[{"start":{"line":51,"column":2},"end":{"line":55,"column":3}},{"start":{"line":51,"column":2},"end":{"line":55,"column":3}}],"line":51},"2":{"loc":{"start":{"line":69,"column":2},"end":{"line":73,"column":3}},"type":"if","locations":[{"start":{"line":69,"column":2},"end":{"line":73,"column":3}},{"start":{"line":69,"column":2},"end":{"line":73,"column":3}}],"line":69},"3":{"loc":{"start":{"line":89,"column":2},"end":{"line":93,"column":3}},"type":"if","locations":[{"start":{"line":89,"column":2},"end":{"line":93,"column":3}},{"start":{"line":89,"column":2},"end":{"line":93,"column":3}}],"line":89},"4":{"loc":{"start":{"line":97,"column":2},"end":{"line":103,"column":3}},"type":"if","locations":[{"start":{"line":97,"column":2},"end":{"line":103,"column":3}},{"start":{"line":97,"column":2},"end":{"line":103,"column":3}}],"line":97},"5":{"loc":{"start":{"line":121,"column":2},"end":{"line":125,"column":3}},"type":"if","locations":[{"start":{"line":121,"column":2},"end":{"line":125,"column":3}},{"start":{"line":121,"column":2},"end":{"line":125,"column":3}}],"line":121},"6":{"loc":{"start":{"line":127,"column":2},"end":{"line":132,"column":3}},"type":"if","locations":[{"start":{"line":127,"column":2},"end":{"line":132,"column":3}},{"start":{"line":127,"column":2},"end":{"line":132,"column":3}}],"line":127},"7":{"loc":{"start":{"line":153,"column":2},"end":{"line":157,"column":3}},"type":"if","locations":[{"start":{"line":153,"column":2},"end":{"line":157,"column":3}},{"start":{"line":153,"column":2},"end":{"line":157,"column":3}}],"line":153},"8":{"loc":{"start":{"line":181,"column":2},"end":{"line":185,"column":3}},"type":"if","locations":[{"start":{"line":181,"column":2},"end":{"line":185,"column":3}},{"start":{"line":181,"column":2},"end":{"line":185,"column":3}}],"line":181},"9":{"loc":{"start":{"line":192,"column":2},"end":{"line":199,"column":3}},"type":"if","locations":[{"start":{"line":192,"column":2},"end":{"line":199,"column":3}},{"start":{"line":192,"column":2},"end":{"line":199,"column":3}}],"line":192},"10":{"loc":{"start":{"line":202,"column":2},"end":{"line":204,"column":3}},"type":"if","locations":[{"start":{"line":202,"column":2},"end":{"line":204,"column":3}},{"start":{"line":202,"column":2},"end":{"line":204,"column":3}}],"line":202}},"s":{"0":1,"1":1,"2":1,"3":1,"4":1,"5":1,"6":0,"7":0,"8":0,"9":1,"10":0,"11":0,"12":0,"13":0,"14":1,"15":0,"16":0,"17":0,"18":0,"19":1,"20":0,"21":0,"22":0,"23":0,"24":0,"25":1,"26":0,"27":0,"28":0,"29":0,"30":0,"31":0,"32":0,"33":0,"34":0,"35":0,"36":1,"37":0,"38":0,"39":0,"40":0,"41":0,"42":0,"43":0,"44":0,"45":0,"46":0,"47":0,"48":1,"49":0,"50":0,"51":0,"52":0,"53":0,"54":0,"55":0,"56":1,"57":0,"58":0,"59":0,"60":0,"61":0,"62":0,"63":0,"64":0,"65":0,"66":0,"67":0,"68":0,"69":0,"70":0},"f":{"0":0,"1":0,"2":0,"3":0,"4":0,"5":0,"6":0,"7":0,"8":0,"9":0,"10":0,"11":0,"12":0},"b":{"0":[0,0],"1":[0,0],"2":[0,0],"3":[0,0],"4":[0,0],"5":[0,0],"6":[0,0],"7":[0,0],"8":[0,0],"9":[0,0],"10":[0,0]},"_coverageSchema":"1a1c01bbd47fc00a2c39e90264f33305004495a9","hash":"7cab580fad376ebeb2f2810fab33bf6007b8dd5d"}
,"C:\\Users\\hp\\Desktop\\Projet React\\OnGlob\\onGlob\\controllers\\profiles.js": {"path":"C:\\Users\\hp\\Desktop\\Projet React\\OnGlob\\onGlob\\controllers\\profiles.js","statementMap":{"0":{"start":{"line":1,"column":21},"end":{"line":1,"column":51}},"1":{"start":{"line":2,"column":16},"end":{"line":2,"column":34}},"2":{"start":{"line":3,"column":16},"end":{"line":3,"column":44}},"3":{"start":{"line":4,"column":13},"end":{"line":4,"column":38}},"4":{"start":{"line":5,"column":13},"end":{"line":5,"column":38}},"5":{"start":{"line":6,"column":22},"end":{"line":6,"column":55}},"6":{"start":{"line":12,"column":0},"end":{"line":21,"column":3}},"7":{"start":{"line":13,"column":15},"end":{"line":15,"column":4}},"8":{"start":{"line":17,"column":2},"end":{"line":20,"column":5}},"9":{"start":{"line":27,"column":0},"end":{"line":72,"column":3}},"10":{"start":{"line":41,"column":6},"end":{"line":41,"column":14}},"11":{"start":{"line":45,"column":24},"end":{"line":45,"column":26}},"12":{"start":{"line":46,"column":2},"end":{"line":46,"column":35}},"13":{"start":{"line":47,"column":2},"end":{"line":47,"column":47}},"14":{"start":{"line":47,"column":15},"end":{"line":47,"column":47}},"15":{"start":{"line":48,"column":2},"end":{"line":48,"column":47}},"16":{"start":{"line":48,"column":15},"end":{"line":48,"column":47}},"17":{"start":{"line":49,"column":2},"end":{"line":49,"column":50}},"18":{"start":{"line":49,"column":16},"end":{"line":49,"column":50}},"19":{"start":{"line":50,"column":2},"end":{"line":50,"column":35}},"20":{"start":{"line":50,"column":11},"end":{"line":50,"column":35}},"21":{"start":{"line":51,"column":2},"end":{"line":51,"column":44}},"22":{"start":{"line":51,"column":14},"end":{"line":51,"column":44}},"23":{"start":{"line":52,"column":2},"end":{"line":52,"column":68}},"24":{"start":{"line":52,"column":22},"end":{"line":52,"column":68}},"25":{"start":{"line":53,"column":2},"end":{"line":55,"column":3}},"26":{"start":{"line":54,"column":4},"end":{"line":54,"column":74}},"27":{"start":{"line":54,"column":60},"end":{"line":54,"column":72}},"28":{"start":{"line":58,"column":2},"end":{"line":58,"column":28}},"29":{"start":{"line":59,"column":2},"end":{"line":59,"column":54}},"30":{"start":{"line":59,"column":15},"end":{"line":59,"column":54}},"31":{"start":{"line":60,"column":2},"end":{"line":60,"column":57}},"32":{"start":{"line":60,"column":16},"end":{"line":60,"column":57}},"33":{"start":{"line":61,"column":2},"end":{"line":61,"column":54}},"34":{"start":{"line":61,"column":15},"end":{"line":61,"column":54}},"35":{"start":{"line":62,"column":2},"end":{"line":62,"column":60}},"36":{"start":{"line":62,"column":17},"end":{"line":62,"column":60}},"37":{"start":{"line":63,"column":2},"end":{"line":63,"column":57}},"38":{"start":{"line":63,"column":16},"end":{"line":63,"column":57}},"39":{"start":{"line":66,"column":2},"end":{"line":66,"column":48}},"40":{"start":{"line":68,"column":2},"end":{"line":71,"column":5}},"41":{"start":{"line":78,"column":0},"end":{"line":96,"column":3}},"42":{"start":{"line":79,"column":16},"end":{"line":79,"column":60}},"43":{"start":{"line":81,"column":2},"end":{"line":85,"column":3}},"44":{"start":{"line":82,"column":4},"end":{"line":84,"column":6}},"45":{"start":{"line":87,"column":2},"end":{"line":90,"column":5}},"46":{"start":{"line":92,"column":2},"end":{"line":95,"column":5}},"47":{"start":{"line":102,"column":0},"end":{"line":109,"column":3}},"48":{"start":{"line":103,"column":19},"end":{"line":103,"column":66}},"49":{"start":{"line":105,"column":2},"end":{"line":108,"column":5}},"50":{"start":{"line":115,"column":0},"end":{"line":130,"column":3}},"51":{"start":{"line":116,"column":18},"end":{"line":118,"column":31}},"52":{"start":{"line":120,"column":2},"end":{"line":124,"column":3}},"53":{"start":{"line":121,"column":4},"end":{"line":123,"column":6}},"54":{"start":{"line":126,"column":2},"end":{"line":129,"column":5}},"55":{"start":{"line":136,"column":0},"end":{"line":148,"column":3}},"56":{"start":{"line":138,"column":2},"end":{"line":138,"column":47}},"57":{"start":{"line":140,"column":2},"end":{"line":140,"column":56}},"58":{"start":{"line":142,"column":2},"end":{"line":142,"column":52}},"59":{"start":{"line":144,"column":2},"end":{"line":147,"column":5}},"60":{"start":{"line":154,"column":0},"end":{"line":191,"column":3}},"61":{"start":{"line":163,"column":6},"end":{"line":163,"column":14}},"62":{"start":{"line":165,"column":17},"end":{"line":173,"column":3}},"63":{"start":{"line":175,"column":18},"end":{"line":175,"column":62}},"64":{"start":{"line":177,"column":2},"end":{"line":181,"column":3}},"65":{"start":{"line":178,"column":4},"end":{"line":180,"column":6}},"66":{"start":{"line":183,"column":2},"end":{"line":183,"column":37}},"67":{"start":{"line":185,"column":2},"end":{"line":185,"column":23}},"68":{"start":{"line":187,"column":2},"end":{"line":190,"column":5}},"69":{"start":{"line":197,"column":0},"end":{"line":219,"column":3}},"70":{"start":{"line":198,"column":18},"end":{"line":198,"column":62}},"71":{"start":{"line":200,"column":2},"end":{"line":204,"column":3}},"72":{"start":{"line":201,"column":4},"end":{"line":203,"column":6}},"73":{"start":{"line":207,"column":22},"end":{"line":209,"column":31}},"74":{"start":{"line":208,"column":19},"end":{"line":208,"column":26}},"75":{"start":{"line":211,"column":2},"end":{"line":211,"column":44}},"76":{"start":{"line":213,"column":2},"end":{"line":213,"column":23}},"77":{"start":{"line":215,"column":2},"end":{"line":218,"column":5}},"78":{"start":{"line":225,"column":0},"end":{"line":262,"column":3}},"79":{"start":{"line":234,"column":6},"end":{"line":234,"column":14}},"80":{"start":{"line":236,"column":17},"end":{"line":244,"column":3}},"81":{"start":{"line":246,"column":18},"end":{"line":246,"column":62}},"82":{"start":{"line":248,"column":2},"end":{"line":252,"column":3}},"83":{"start":{"line":249,"column":4},"end":{"line":251,"column":6}},"84":{"start":{"line":254,"column":2},"end":{"line":254,"column":36}},"85":{"start":{"line":256,"column":2},"end":{"line":256,"column":23}},"86":{"start":{"line":258,"column":2},"end":{"line":261,"column":5}},"87":{"start":{"line":268,"column":0},"end":{"line":290,"column":3}},"88":{"start":{"line":269,"column":18},"end":{"line":269,"column":62}},"89":{"start":{"line":271,"column":2},"end":{"line":275,"column":3}},"90":{"start":{"line":272,"column":4},"end":{"line":274,"column":6}},"91":{"start":{"line":278,"column":22},"end":{"line":280,"column":31}},"92":{"start":{"line":279,"column":19},"end":{"line":279,"column":26}},"93":{"start":{"line":282,"column":2},"end":{"line":282,"column":43}},"94":{"start":{"line":284,"column":2},"end":{"line":284,"column":23}},"95":{"start":{"line":286,"column":2},"end":{"line":289,"column":5}},"96":{"start":{"line":296,"column":0},"end":{"line":312,"column":3}},"97":{"start":{"line":297,"column":18},"end":{"line":301,"column":3}},"98":{"start":{"line":303,"column":2},"end":{"line":311,"column":5}},"99":{"start":{"line":304,"column":4},"end":{"line":304,"column":36}},"100":{"start":{"line":304,"column":15},"end":{"line":304,"column":36}},"101":{"start":{"line":306,"column":4},"end":{"line":308,"column":5}},"102":{"start":{"line":307,"column":6},"end":{"line":307,"column":63}},"103":{"start":{"line":310,"column":4},"end":{"line":310,"column":31}}},"fnMap":{"0":{"name":"(anonymous_0)","decl":{"start":{"line":12,"column":29},"end":{"line":12,"column":30}},"loc":{"start":{"line":12,"column":55},"end":{"line":21,"column":1}},"line":12},"1":{"name":"(anonymous_1)","decl":{"start":{"line":27,"column":37},"end":{"line":27,"column":38}},"loc":{"start":{"line":27,"column":63},"end":{"line":72,"column":1}},"line":27},"2":{"name":"(anonymous_2)","decl":{"start":{"line":54,"column":49},"end":{"line":54,"column":50}},"loc":{"start":{"line":54,"column":60},"end":{"line":54,"column":72}},"line":54},"3":{"name":"(anonymous_3)","decl":{"start":{"line":78,"column":37},"end":{"line":78,"column":38}},"loc":{"start":{"line":78,"column":63},"end":{"line":96,"column":1}},"line":78},"4":{"name":"(anonymous_4)","decl":{"start":{"line":102,"column":32},"end":{"line":102,"column":33}},"loc":{"start":{"line":102,"column":58},"end":{"line":109,"column":1}},"line":102},"5":{"name":"(anonymous_5)","decl":{"start":{"line":115,"column":35},"end":{"line":115,"column":36}},"loc":{"start":{"line":115,"column":61},"end":{"line":130,"column":1}},"line":115},"6":{"name":"(anonymous_6)","decl":{"start":{"line":136,"column":37},"end":{"line":136,"column":38}},"loc":{"start":{"line":136,"column":63},"end":{"line":148,"column":1}},"line":136},"7":{"name":"(anonymous_7)","decl":{"start":{"line":154,"column":40},"end":{"line":154,"column":41}},"loc":{"start":{"line":154,"column":66},"end":{"line":191,"column":1}},"line":154},"8":{"name":"(anonymous_8)","decl":{"start":{"line":197,"column":40},"end":{"line":197,"column":41}},"loc":{"start":{"line":197,"column":66},"end":{"line":219,"column":1}},"line":197},"9":{"name":"(anonymous_9)","decl":{"start":{"line":208,"column":9},"end":{"line":208,"column":10}},"loc":{"start":{"line":208,"column":19},"end":{"line":208,"column":26}},"line":208},"10":{"name":"(anonymous_10)","decl":{"start":{"line":225,"column":39},"end":{"line":225,"column":40}},"loc":{"start":{"line":225,"column":65},"end":{"line":262,"column":1}},"line":225},"11":{"name":"(anonymous_11)","decl":{"start":{"line":268,"column":39},"end":{"line":268,"column":40}},"loc":{"start":{"line":268,"column":65},"end":{"line":290,"column":1}},"line":268},"12":{"name":"(anonymous_12)","decl":{"start":{"line":279,"column":9},"end":{"line":279,"column":10}},"loc":{"start":{"line":279,"column":19},"end":{"line":279,"column":26}},"line":279},"13":{"name":"(anonymous_13)","decl":{"start":{"line":296,"column":33},"end":{"line":296,"column":34}},"loc":{"start":{"line":296,"column":59},"end":{"line":312,"column":1}},"line":296},"14":{"name":"(anonymous_14)","decl":{"start":{"line":303,"column":19},"end":{"line":303,"column":20}},"loc":{"start":{"line":303,"column":46},"end":{"line":311,"column":3}},"line":303}},"branchMap":{"0":{"loc":{"start":{"line":47,"column":2},"end":{"line":47,"column":47}},"type":"if","locations":[{"start":{"line":47,"column":2},"end":{"line":47,"column":47}},{"start":{"line":47,"column":2},"end":{"line":47,"column":47}}],"line":47},"1":{"loc":{"start":{"line":48,"column":2},"end":{"line":48,"column":47}},"type":"if","locations":[{"start":{"line":48,"column":2},"end":{"line":48,"column":47}},{"start":{"line":48,"column":2},"end":{"line":48,"column":47}}],"line":48},"2":{"loc":{"start":{"line":49,"column":2},"end":{"line":49,"column":50}},"type":"if","locations":[{"start":{"line":49,"column":2},"end":{"line":49,"column":50}},{"start":{"line":49,"column":2},"end":{"line":49,"column":50}}],"line":49},"3":{"loc":{"start":{"line":50,"column":2},"end":{"line":50,"column":35}},"type":"if","locations":[{"start":{"line":50,"column":2},"end":{"line":50,"column":35}},{"start":{"line":50,"column":2},"end":{"line":50,"column":35}}],"line":50},"4":{"loc":{"start":{"line":51,"column":2},"end":{"line":51,"column":44}},"type":"if","locations":[{"start":{"line":51,"column":2},"end":{"line":51,"column":44}},{"start":{"line":51,"column":2},"end":{"line":51,"column":44}}],"line":51},"5":{"loc":{"start":{"line":52,"column":2},"end":{"line":52,"column":68}},"type":"if","locations":[{"start":{"line":52,"column":2},"end":{"line":52,"column":68}},{"start":{"line":52,"column":2},"end":{"line":52,"column":68}}],"line":52},"6":{"loc":{"start":{"line":53,"column":2},"end":{"line":55,"column":3}},"type":"if","locations":[{"start":{"line":53,"column":2},"end":{"line":55,"column":3}},{"start":{"line":53,"column":2},"end":{"line":55,"column":3}}],"line":53},"7":{"loc":{"start":{"line":59,"column":2},"end":{"line":59,"column":54}},"type":"if","locations":[{"start":{"line":59,"column":2},"end":{"line":59,"column":54}},{"start":{"line":59,"column":2},"end":{"line":59,"column":54}}],"line":59},"8":{"loc":{"start":{"line":60,"column":2},"end":{"line":60,"column":57}},"type":"if","locations":[{"start":{"line":60,"column":2},"end":{"line":60,"column":57}},{"start":{"line":60,"column":2},"end":{"line":60,"column":57}}],"line":60},"9":{"loc":{"start":{"line":61,"column":2},"end":{"line":61,"column":54}},"type":"if","locations":[{"start":{"line":61,"column":2},"end":{"line":61,"column":54}},{"start":{"line":61,"column":2},"end":{"line":61,"column":54}}],"line":61},"10":{"loc":{"start":{"line":62,"column":2},"end":{"line":62,"column":60}},"type":"if","locations":[{"start":{"line":62,"column":2},"end":{"line":62,"column":60}},{"start":{"line":62,"column":2},"end":{"line":62,"column":60}}],"line":62},"11":{"loc":{"start":{"line":63,"column":2},"end":{"line":63,"column":57}},"type":"if","locations":[{"start":{"line":63,"column":2},"end":{"line":63,"column":57}},{"start":{"line":63,"column":2},"end":{"line":63,"column":57}}],"line":63},"12":{"loc":{"start":{"line":81,"column":2},"end":{"line":85,"column":3}},"type":"if","locations":[{"start":{"line":81,"column":2},"end":{"line":85,"column":3}},{"start":{"line":81,"column":2},"end":{"line":85,"column":3}}],"line":81},"13":{"loc":{"start":{"line":120,"column":2},"end":{"line":124,"column":3}},"type":"if","locations":[{"start":{"line":120,"column":2},"end":{"line":124,"column":3}},{"start":{"line":120,"column":2},"end":{"line":124,"column":3}}],"line":120},"14":{"loc":{"start":{"line":177,"column":2},"end":{"line":181,"column":3}},"type":"if","locations":[{"start":{"line":177,"column":2},"end":{"line":181,"column":3}},{"start":{"line":177,"column":2},"end":{"line":181,"column":3}}],"line":177},"15":{"loc":{"start":{"line":200,"column":2},"end":{"line":204,"column":3}},"type":"if","locations":[{"start":{"line":200,"column":2},"end":{"line":204,"column":3}},{"start":{"line":200,"column":2},"end":{"line":204,"column":3}}],"line":200},"16":{"loc":{"start":{"line":248,"column":2},"end":{"line":252,"column":3}},"type":"if","locations":[{"start":{"line":248,"column":2},"end":{"line":252,"column":3}},{"start":{"line":248,"column":2},"end":{"line":252,"column":3}}],"line":248},"17":{"loc":{"start":{"line":271,"column":2},"end":{"line":275,"column":3}},"type":"if","locations":[{"start":{"line":271,"column":2},"end":{"line":275,"column":3}},{"start":{"line":271,"column":2},"end":{"line":275,"column":3}}],"line":271},"18":{"loc":{"start":{"line":304,"column":4},"end":{"line":304,"column":36}},"type":"if","locations":[{"start":{"line":304,"column":4},"end":{"line":304,"column":36}},{"start":{"line":304,"column":4},"end":{"line":304,"column":36}}],"line":304},"19":{"loc":{"start":{"line":306,"column":4},"end":{"line":308,"column":5}},"type":"if","locations":[{"start":{"line":306,"column":4},"end":{"line":308,"column":5}},{"start":{"line":306,"column":4},"end":{"line":308,"column":5}}],"line":306}},"s":{"0":1,"1":1,"2":1,"3":1,"4":1,"5":1,"6":1,"7":0,"8":0,"9":1,"10":0,"11":0,"12":0,"13":0,"14":0,"15":0,"16":0,"17":0,"18":0,"19":0,"20":0,"21":0,"22":0,"23":0,"24":0,"25":0,"26":0,"27":0,"28":0,"29":0,"30":0,"31":0,"32":0,"33":0,"34":0,"35":0,"36":0,"37":0,"38":0,"39":0,"40":0,"41":1,"42":0,"43":0,"44":0,"45":0,"46":0,"47":1,"48":0,"49":0,"50":1,"51":0,"52":0,"53":0,"54":0,"55":1,"56":0,"57":0,"58":0,"59":0,"60":1,"61":0,"62":0,"63":0,"64":0,"65":0,"66":0,"67":0,"68":0,"69":1,"70":0,"71":0,"72":0,"73":0,"74":0,"75":0,"76":0,"77":0,"78":1,"79":0,"80":0,"81":0,"82":0,"83":0,"84":0,"85":0,"86":0,"87":1,"88":0,"89":0,"90":0,"91":0,"92":0,"93":0,"94":0,"95":0,"96":1,"97":0,"98":0,"99":0,"100":0,"101":0,"102":0,"103":0},"f":{"0":0,"1":0,"2":0,"3":0,"4":0,"5":0,"6":0,"7":0,"8":0,"9":0,"10":0,"11":0,"12":0,"13":0,"14":0},"b":{"0":[0,0],"1":[0,0],"2":[0,0],"3":[0,0],"4":[0,0],"5":[0,0],"6":[0,0],"7":[0,0],"8":[0,0],"9":[0,0],"10":[0,0],"11":[0,0],"12":[0,0],"13":[0,0],"14":[0,0],"15":[0,0],"16":[0,0],"17":[0,0],"18":[0,0],"19":[0,0]},"_coverageSchema":"1a1c01bbd47fc00a2c39e90264f33305004495a9","hash":"79669c3045bcb3b9629d0dcdc80455671a063382"}
,"C:\\Users\\hp\\Desktop\\Projet React\\OnGlob\\onGlob\\controllers\\reviews.js": {"path":"C:\\Users\\hp\\Desktop\\Projet React\\OnGlob\\onGlob\\controllers\\reviews.js","statementMap":{"0":{"start":{"line":1,"column":21},"end":{"line":1,"column":51}},"1":{"start":{"line":2,"column":22},"end":{"line":2,"column":55}},"2":{"start":{"line":3,"column":15},"end":{"line":3,"column":42}},"3":{"start":{"line":4,"column":17},"end":{"line":4,"column":47}},"4":{"start":{"line":11,"column":0},"end":{"line":23,"column":3}},"5":{"start":{"line":12,"column":2},"end":{"line":22,"column":3}},"6":{"start":{"line":13,"column":20},"end":{"line":13,"column":74}},"7":{"start":{"line":15,"column":4},"end":{"line":19,"column":7}},"8":{"start":{"line":21,"column":4},"end":{"line":21,"column":46}},"9":{"start":{"line":29,"column":0},"end":{"line":45,"column":3}},"10":{"start":{"line":30,"column":17},"end":{"line":33,"column":4}},"11":{"start":{"line":35,"column":2},"end":{"line":39,"column":3}},"12":{"start":{"line":36,"column":4},"end":{"line":38,"column":6}},"13":{"start":{"line":41,"column":2},"end":{"line":44,"column":5}},"14":{"start":{"line":51,"column":0},"end":{"line":74,"column":3}},"15":{"start":{"line":52,"column":2},"end":{"line":52,"column":44}},"16":{"start":{"line":53,"column":2},"end":{"line":53,"column":30}},"17":{"start":{"line":55,"column":19},"end":{"line":55,"column":65}},"18":{"start":{"line":57,"column":2},"end":{"line":57,"column":24}},"19":{"start":{"line":59,"column":2},"end":{"line":66,"column":3}},"20":{"start":{"line":60,"column":4},"end":{"line":65,"column":6}},"21":{"start":{"line":68,"column":17},"end":{"line":68,"column":46}},"22":{"start":{"line":70,"column":2},"end":{"line":73,"column":5}},"23":{"start":{"line":80,"column":0},"end":{"line":98,"column":3}},"24":{"start":{"line":81,"column":15},"end":{"line":81,"column":51}},"25":{"start":{"line":83,"column":2},"end":{"line":87,"column":3}},"26":{"start":{"line":84,"column":4},"end":{"line":86,"column":6}},"27":{"start":{"line":89,"column":2},"end":{"line":92,"column":5}},"28":{"start":{"line":94,"column":2},"end":{"line":97,"column":5}},"29":{"start":{"line":104,"column":0},"end":{"line":127,"column":3}},"30":{"start":{"line":105,"column":15},"end":{"line":105,"column":51}},"31":{"start":{"line":107,"column":2},"end":{"line":111,"column":3}},"32":{"start":{"line":108,"column":4},"end":{"line":110,"column":6}},"33":{"start":{"line":114,"column":2},"end":{"line":116,"column":3}},"34":{"start":{"line":115,"column":4},"end":{"line":115,"column":75}},"35":{"start":{"line":118,"column":2},"end":{"line":121,"column":5}},"36":{"start":{"line":123,"column":2},"end":{"line":126,"column":5}},"37":{"start":{"line":133,"column":0},"end":{"line":153,"column":3}},"38":{"start":{"line":134,"column":15},"end":{"line":134,"column":51}},"39":{"start":{"line":136,"column":2},"end":{"line":140,"column":3}},"40":{"start":{"line":137,"column":4},"end":{"line":139,"column":6}},"41":{"start":{"line":143,"column":2},"end":{"line":145,"column":3}},"42":{"start":{"line":144,"column":4},"end":{"line":144,"column":75}},"43":{"start":{"line":147,"column":2},"end":{"line":147,"column":24}},"44":{"start":{"line":149,"column":2},"end":{"line":152,"column":5}}},"fnMap":{"0":{"name":"(anonymous_0)","decl":{"start":{"line":11,"column":34},"end":{"line":11,"column":35}},"loc":{"start":{"line":11,"column":60},"end":{"line":23,"column":1}},"line":11},"1":{"name":"(anonymous_1)","decl":{"start":{"line":29,"column":33},"end":{"line":29,"column":34}},"loc":{"start":{"line":29,"column":59},"end":{"line":45,"column":1}},"line":29},"2":{"name":"(anonymous_2)","decl":{"start":{"line":51,"column":33},"end":{"line":51,"column":34}},"loc":{"start":{"line":51,"column":59},"end":{"line":74,"column":1}},"line":51},"3":{"name":"(anonymous_3)","decl":{"start":{"line":80,"column":36},"end":{"line":80,"column":37}},"loc":{"start":{"line":80,"column":62},"end":{"line":98,"column":1}},"line":80},"4":{"name":"(anonymous_4)","decl":{"start":{"line":104,"column":36},"end":{"line":104,"column":37}},"loc":{"start":{"line":104,"column":62},"end":{"line":127,"column":1}},"line":104},"5":{"name":"(anonymous_5)","decl":{"start":{"line":133,"column":36},"end":{"line":133,"column":37}},"loc":{"start":{"line":133,"column":62},"end":{"line":153,"column":1}},"line":133}},"branchMap":{"0":{"loc":{"start":{"line":12,"column":2},"end":{"line":22,"column":3}},"type":"if","locations":[{"start":{"line":12,"column":2},"end":{"line":22,"column":3}},{"start":{"line":12,"column":2},"end":{"line":22,"column":3}}],"line":12},"1":{"loc":{"start":{"line":35,"column":2},"end":{"line":39,"column":3}},"type":"if","locations":[{"start":{"line":35,"column":2},"end":{"line":39,"column":3}},{"start":{"line":35,"column":2},"end":{"line":39,"column":3}}],"line":35},"2":{"loc":{"start":{"line":59,"column":2},"end":{"line":66,"column":3}},"type":"if","locations":[{"start":{"line":59,"column":2},"end":{"line":66,"column":3}},{"start":{"line":59,"column":2},"end":{"line":66,"column":3}}],"line":59},"3":{"loc":{"start":{"line":83,"column":2},"end":{"line":87,"column":3}},"type":"if","locations":[{"start":{"line":83,"column":2},"end":{"line":87,"column":3}},{"start":{"line":83,"column":2},"end":{"line":87,"column":3}}],"line":83},"4":{"loc":{"start":{"line":107,"column":2},"end":{"line":111,"column":3}},"type":"if","locations":[{"start":{"line":107,"column":2},"end":{"line":111,"column":3}},{"start":{"line":107,"column":2},"end":{"line":111,"column":3}}],"line":107},"5":{"loc":{"start":{"line":114,"column":2},"end":{"line":116,"column":3}},"type":"if","locations":[{"start":{"line":114,"column":2},"end":{"line":116,"column":3}},{"start":{"line":114,"column":2},"end":{"line":116,"column":3}}],"line":114},"6":{"loc":{"start":{"line":114,"column":6},"end":{"line":114,"column":73}},"type":"binary-expr","locations":[{"start":{"line":114,"column":6},"end":{"line":114,"column":44}},{"start":{"line":114,"column":48},"end":{"line":114,"column":73}}],"line":114},"7":{"loc":{"start":{"line":136,"column":2},"end":{"line":140,"column":3}},"type":"if","locations":[{"start":{"line":136,"column":2},"end":{"line":140,"column":3}},{"start":{"line":136,"column":2},"end":{"line":140,"column":3}}],"line":136},"8":{"loc":{"start":{"line":143,"column":2},"end":{"line":145,"column":3}},"type":"if","locations":[{"start":{"line":143,"column":2},"end":{"line":145,"column":3}},{"start":{"line":143,"column":2},"end":{"line":145,"column":3}}],"line":143},"9":{"loc":{"start":{"line":143,"column":6},"end":{"line":143,"column":73}},"type":"binary-expr","locations":[{"start":{"line":143,"column":6},"end":{"line":143,"column":44}},{"start":{"line":143,"column":48},"end":{"line":143,"column":73}}],"line":143}},"s":{"0":1,"1":1,"2":1,"3":1,"4":1,"5":0,"6":0,"7":0,"8":0,"9":1,"10":0,"11":0,"12":0,"13":0,"14":1,"15":0,"16":0,"17":0,"18":0,"19":0,"20":0,"21":0,"22":0,"23":1,"24":0,"25":0,"26":0,"27":0,"28":0,"29":1,"30":0,"31":0,"32":0,"33":0,"34":0,"35":0,"36":0,"37":1,"38":0,"39":0,"40":0,"41":0,"42":0,"43":0,"44":0},"f":{"0":0,"1":0,"2":0,"3":0,"4":0,"5":0},"b":{"0":[0,0],"1":[0,0],"2":[0,0],"3":[0,0],"4":[0,0],"5":[0,0],"6":[0,0],"7":[0,0],"8":[0,0],"9":[0,0]},"_coverageSchema":"1a1c01bbd47fc00a2c39e90264f33305004495a9","hash":"47a2f9c098fbf43dc3990e4429ec73ae565e08b7"}
,"C:\\Users\\hp\\Desktop\\Projet React\\OnGlob\\onGlob\\controllers\\users.js": {"path":"C:\\Users\\hp\\Desktop\\Projet React\\OnGlob\\onGlob\\controllers\\users.js","statementMap":{"0":{"start":{"line":1,"column":21},"end":{"line":1,"column":51}},"1":{"start":{"line":2,"column":13},"end":{"line":2,"column":38}},"2":{"start":{"line":8,"column":0},"end":{"line":10,"column":3}},"3":{"start":{"line":9,"column":2},"end":{"line":9,"column":44}},"4":{"start":{"line":16,"column":0},"end":{"line":23,"column":3}},"5":{"start":{"line":17,"column":15},"end":{"line":17,"column":49}},"6":{"start":{"line":19,"column":2},"end":{"line":22,"column":5}},"7":{"start":{"line":29,"column":0},"end":{"line":36,"column":3}},"8":{"start":{"line":30,"column":15},"end":{"line":30,"column":42}},"9":{"start":{"line":32,"column":2},"end":{"line":35,"column":5}},"10":{"start":{"line":42,"column":0},"end":{"line":52,"column":3}},"11":{"start":{"line":43,"column":15},"end":{"line":46,"column":4}},"12":{"start":{"line":48,"column":2},"end":{"line":51,"column":5}},"13":{"start":{"line":58,"column":0},"end":{"line":65,"column":3}},"14":{"start":{"line":59,"column":2},"end":{"line":59,"column":46}},"15":{"start":{"line":61,"column":2},"end":{"line":64,"column":5}}},"fnMap":{"0":{"name":"(anonymous_0)","decl":{"start":{"line":8,"column":32},"end":{"line":8,"column":33}},"loc":{"start":{"line":8,"column":58},"end":{"line":10,"column":1}},"line":8},"1":{"name":"(anonymous_1)","decl":{"start":{"line":16,"column":31},"end":{"line":16,"column":32}},"loc":{"start":{"line":16,"column":57},"end":{"line":23,"column":1}},"line":16},"2":{"name":"(anonymous_2)","decl":{"start":{"line":29,"column":34},"end":{"line":29,"column":35}},"loc":{"start":{"line":29,"column":60},"end":{"line":36,"column":1}},"line":29},"3":{"name":"(anonymous_3)","decl":{"start":{"line":42,"column":34},"end":{"line":42,"column":35}},"loc":{"start":{"line":42,"column":60},"end":{"line":52,"column":1}},"line":42},"4":{"name":"(anonymous_4)","decl":{"start":{"line":58,"column":34},"end":{"line":58,"column":35}},"loc":{"start":{"line":58,"column":60},"end":{"line":65,"column":1}},"line":58}},"branchMap":{},"s":{"0":1,"1":1,"2":1,"3":0,"4":1,"5":0,"6":0,"7":1,"8":0,"9":0,"10":1,"11":0,"12":0,"13":1,"14":0,"15":0},"f":{"0":0,"1":0,"2":0,"3":0,"4":0},"b":{},"_coverageSchema":"1a1c01bbd47fc00a2c39e90264f33305004495a9","hash":"b51a9778720ae79922cde1775479606c056df4d4"}
,"C:\\Users\\hp\\Desktop\\Projet React\\OnGlob\\onGlob\\middleware\\advancedResult.js": {"path":"C:\\Users\\hp\\Desktop\\Projet React\\OnGlob\\onGlob\\middleware\\advancedResult.js","statementMap":{"0":{"start":{"line":1,"column":23},"end":{"line":74,"column":1}},"1":{"start":{"line":1,"column":44},"end":{"line":74,"column":1}},"2":{"start":{"line":3,"column":17},"end":{"line":3,"column":33}},"3":{"start":{"line":6,"column":22},"end":{"line":6,"column":40}},"4":{"start":{"line":9,"column":2},"end":{"line":9,"column":57}},"5":{"start":{"line":9,"column":33},"end":{"line":9,"column":55}},"6":{"start":{"line":11,"column":17},"end":{"line":11,"column":41}},"7":{"start":{"line":13,"column":2},"end":{"line":16,"column":4}},"8":{"start":{"line":15,"column":15},"end":{"line":15,"column":26}},"9":{"start":{"line":18,"column":2},"end":{"line":18,"column":43}},"10":{"start":{"line":21,"column":2},"end":{"line":24,"column":3}},"11":{"start":{"line":22,"column":26},"end":{"line":22,"column":63}},"12":{"start":{"line":23,"column":4},"end":{"line":23,"column":40}},"13":{"start":{"line":27,"column":2},"end":{"line":32,"column":3}},"14":{"start":{"line":28,"column":19},"end":{"line":28,"column":54}},"15":{"start":{"line":29,"column":4},"end":{"line":29,"column":31}},"16":{"start":{"line":31,"column":4},"end":{"line":31,"column":37}},"17":{"start":{"line":35,"column":15},"end":{"line":35,"column":48}},"18":{"start":{"line":36,"column":16},"end":{"line":36,"column":52}},"19":{"start":{"line":37,"column":21},"end":{"line":37,"column":39}},"20":{"start":{"line":38,"column":19},"end":{"line":38,"column":31}},"21":{"start":{"line":39,"column":16},"end":{"line":39,"column":44}},"22":{"start":{"line":41,"column":2},"end":{"line":41,"column":46}},"23":{"start":{"line":43,"column":2},"end":{"line":45,"column":3}},"24":{"start":{"line":44,"column":4},"end":{"line":44,"column":37}},"25":{"start":{"line":48,"column":18},"end":{"line":48,"column":29}},"26":{"start":{"line":51,"column":21},"end":{"line":51,"column":23}},"27":{"start":{"line":53,"column":2},"end":{"line":58,"column":3}},"28":{"start":{"line":54,"column":4},"end":{"line":57,"column":6}},"29":{"start":{"line":59,"column":2},"end":{"line":64,"column":3}},"30":{"start":{"line":60,"column":4},"end":{"line":63,"column":6}},"31":{"start":{"line":66,"column":2},"end":{"line":71,"column":4}},"32":{"start":{"line":73,"column":2},"end":{"line":73,"column":9}},"33":{"start":{"line":76,"column":0},"end":{"line":76,"column":32}}},"fnMap":{"0":{"name":"(anonymous_0)","decl":{"start":{"line":1,"column":23},"end":{"line":1,"column":24}},"loc":{"start":{"line":1,"column":44},"end":{"line":74,"column":1}},"line":1},"1":{"name":"(anonymous_1)","decl":{"start":{"line":1,"column":44},"end":{"line":1,"column":45}},"loc":{"start":{"line":1,"column":70},"end":{"line":74,"column":1}},"line":1},"2":{"name":"(anonymous_2)","decl":{"start":{"line":9,"column":22},"end":{"line":9,"column":23}},"loc":{"start":{"line":9,"column":33},"end":{"line":9,"column":55}},"line":9},"3":{"name":"(anonymous_3)","decl":{"start":{"line":15,"column":4},"end":{"line":15,"column":5}},"loc":{"start":{"line":15,"column":15},"end":{"line":15,"column":26}},"line":15}},"branchMap":{"0":{"loc":{"start":{"line":21,"column":2},"end":{"line":24,"column":3}},"type":"if","locations":[{"start":{"line":21,"column":2},"end":{"line":24,"column":3}},{"start":{"line":21,"column":2},"end":{"line":24,"column":3}}],"line":21},"1":{"loc":{"start":{"line":27,"column":2},"end":{"line":32,"column":3}},"type":"if","locations":[{"start":{"line":27,"column":2},"end":{"line":32,"column":3}},{"start":{"line":27,"column":2},"end":{"line":32,"column":3}}],"line":27},"2":{"loc":{"start":{"line":35,"column":15},"end":{"line":35,"column":48}},"type":"binary-expr","locations":[{"start":{"line":35,"column":15},"end":{"line":35,"column":43}},{"start":{"line":35,"column":47},"end":{"line":35,"column":48}}],"line":35},"3":{"loc":{"start":{"line":36,"column":16},"end":{"line":36,"column":52}},"type":"binary-expr","locations":[{"start":{"line":36,"column":16},"end":{"line":36,"column":45}},{"start":{"line":36,"column":49},"end":{"line":36,"column":52}}],"line":36},"4":{"loc":{"start":{"line":43,"column":2},"end":{"line":45,"column":3}},"type":"if","locations":[{"start":{"line":43,"column":2},"end":{"line":45,"column":3}},{"start":{"line":43,"column":2},"end":{"line":45,"column":3}}],"line":43},"5":{"loc":{"start":{"line":53,"column":2},"end":{"line":58,"column":3}},"type":"if","locations":[{"start":{"line":53,"column":2},"end":{"line":58,"column":3}},{"start":{"line":53,"column":2},"end":{"line":58,"column":3}}],"line":53},"6":{"loc":{"start":{"line":59,"column":2},"end":{"line":64,"column":3}},"type":"if","locations":[{"start":{"line":59,"column":2},"end":{"line":64,"column":3}},{"start":{"line":59,"column":2},"end":{"line":64,"column":3}}],"line":59}},"s":{"0":1,"1":4,"2":1,"3":1,"4":1,"5":2,"6":1,"7":1,"8":0,"9":1,"10":1,"11":0,"12":0,"13":1,"14":0,"15":0,"16":1,"17":1,"18":1,"19":1,"20":1,"21":1,"22":1,"23":1,"24":1,"25":1,"26":1,"27":1,"28":0,"29":1,"30":0,"31":1,"32":1,"33":1},"f":{"0":4,"1":1,"2":2,"3":0},"b":{"0":[0,1],"1":[0,1],"2":[1,1],"3":[1,1],"4":[1,0],"5":[0,1],"6":[0,1]},"_coverageSchema":"1a1c01bbd47fc00a2c39e90264f33305004495a9","hash":"382abe697c627d34282c3977594fac59a0103fc0"}
,"C:\\Users\\hp\\Desktop\\Projet React\\OnGlob\\onGlob\\middleware\\async.js": {"path":"C:\\Users\\hp\\Desktop\\Projet React\\OnGlob\\onGlob\\middleware\\async.js","statementMap":{"0":{"start":{"line":1,"column":21},"end":{"line":3,"column":1}},"1":{"start":{"line":1,"column":29},"end":{"line":3,"column":1}},"2":{"start":{"line":2,"column":2},"end":{"line":2,"column":50}},"3":{"start":{"line":4,"column":0},"end":{"line":4,"column":30}}},"fnMap":{"0":{"name":"(anonymous_0)","decl":{"start":{"line":1,"column":21},"end":{"line":1,"column":22}},"loc":{"start":{"line":1,"column":29},"end":{"line":3,"column":1}},"line":1},"1":{"name":"(anonymous_1)","decl":{"start":{"line":1,"column":29},"end":{"line":1,"column":30}},"loc":{"start":{"line":1,"column":49},"end":{"line":3,"column":1}},"line":1}},"branchMap":{},"s":{"0":1,"1":50,"2":1,"3":1},"f":{"0":50,"1":1},"b":{},"_coverageSchema":"1a1c01bbd47fc00a2c39e90264f33305004495a9","hash":"99d8826dad4b13fc4815a18b9a34032e6268fd05"}
,"C:\\Users\\hp\\Desktop\\Projet React\\OnGlob\\onGlob\\middleware\\auth.js": {"path":"C:\\Users\\hp\\Desktop\\Projet React\\OnGlob\\onGlob\\middleware\\auth.js","statementMap":{"0":{"start":{"line":1,"column":12},"end":{"line":1,"column":35}},"1":{"start":{"line":2,"column":21},"end":{"line":2,"column":39}},"2":{"start":{"line":3,"column":22},"end":{"line":3,"column":55}},"3":{"start":{"line":4,"column":13},"end":{"line":4,"column":38}},"4":{"start":{"line":7,"column":0},"end":{"line":40,"column":3}},"5":{"start":{"line":10,"column":2},"end":{"line":15,"column":3}},"6":{"start":{"line":14,"column":4},"end":{"line":14,"column":52}},"7":{"start":{"line":22,"column":2},"end":{"line":26,"column":3}},"8":{"start":{"line":23,"column":4},"end":{"line":25,"column":6}},"9":{"start":{"line":28,"column":2},"end":{"line":39,"column":3}},"10":{"start":{"line":30,"column":20},"end":{"line":30,"column":61}},"11":{"start":{"line":32,"column":4},"end":{"line":32,"column":25}},"12":{"start":{"line":34,"column":4},"end":{"line":34,"column":47}},"13":{"start":{"line":36,"column":4},"end":{"line":36,"column":11}},"14":{"start":{"line":38,"column":4},"end":{"line":38,"column":78}},"15":{"start":{"line":43,"column":0},"end":{"line":55,"column":2}},"16":{"start":{"line":44,"column":2},"end":{"line":54,"column":4}},"17":{"start":{"line":45,"column":4},"end":{"line":52,"column":5}},"18":{"start":{"line":46,"column":6},"end":{"line":51,"column":8}},"19":{"start":{"line":53,"column":4},"end":{"line":53,"column":11}}},"fnMap":{"0":{"name":"(anonymous_0)","decl":{"start":{"line":7,"column":31},"end":{"line":7,"column":32}},"loc":{"start":{"line":7,"column":57},"end":{"line":40,"column":1}},"line":7},"1":{"name":"(anonymous_1)","decl":{"start":{"line":43,"column":20},"end":{"line":43,"column":21}},"loc":{"start":{"line":43,"column":34},"end":{"line":55,"column":1}},"line":43},"2":{"name":"(anonymous_2)","decl":{"start":{"line":44,"column":9},"end":{"line":44,"column":10}},"loc":{"start":{"line":44,"column":29},"end":{"line":54,"column":3}},"line":44}},"branchMap":{"0":{"loc":{"start":{"line":10,"column":2},"end":{"line":15,"column":3}},"type":"if","locations":[{"start":{"line":10,"column":2},"end":{"line":15,"column":3}},{"start":{"line":10,"column":2},"end":{"line":15,"column":3}}],"line":10},"1":{"loc":{"start":{"line":11,"column":4},"end":{"line":12,"column":50}},"type":"binary-expr","locations":[{"start":{"line":11,"column":4},"end":{"line":11,"column":29}},{"start":{"line":12,"column":4},"end":{"line":12,"column":50}}],"line":11},"2":{"loc":{"start":{"line":22,"column":2},"end":{"line":26,"column":3}},"type":"if","locations":[{"start":{"line":22,"column":2},"end":{"line":26,"column":3}},{"start":{"line":22,"column":2},"end":{"line":26,"column":3}}],"line":22},"3":{"loc":{"start":{"line":45,"column":4},"end":{"line":52,"column":5}},"type":"if","locations":[{"start":{"line":45,"column":4},"end":{"line":52,"column":5}},{"start":{"line":45,"column":4},"end":{"line":52,"column":5}}],"line":45}},"s":{"0":1,"1":1,"2":1,"3":1,"4":1,"5":0,"6":0,"7":0,"8":0,"9":0,"10":0,"11":0,"12":0,"13":0,"14":0,"15":1,"16":11,"17":0,"18":0,"19":0},"f":{"0":0,"1":11,"2":0},"b":{"0":[0,0],"1":[0,0],"2":[0,0],"3":[0,0]},"_coverageSchema":"1a1c01bbd47fc00a2c39e90264f33305004495a9","hash":"7cb828e9b7bda5e2684e1c0970d01cde7fd48796"}
[...]
,"C:\\Users\\hp\\Desktop\\Projet React\\OnGlob\\onGlob\\models\\Course.js": {"path":"C:\\Users\\hp\\Desktop\\Projet React\\OnGlob\\onGlob\\models\\Course.js","statementMap":{"0":{"start":{"line":1,"column":17},"end":{"line":1,"column":36}},"1":{"start":{"line":3,"column":21},"end":{"line":44,"column":2}},"2":{"start":{"line":47,"column":0},"end":{"line":67,"column":2}},"3":{"start":{"line":48,"column":2},"end":{"line":48,"column":41}},"4":{"start":{"line":49,"column":14},"end":{"line":59,"column":4}},"5":{"start":{"line":60,"column":2},"end":{"line":66,"column":3}},"6":{"start":{"line":61,"column":4},"end":{"line":63,"column":7}},"7":{"start":{"line":65,"column":4},"end":{"line":65,"column":23}},"8":{"start":{"line":70,"column":0},"end":{"line":72,"column":3}},"9":{"start":{"line":71,"column":2},"end":{"line":71,"column":49}},"10":{"start":{"line":74,"column":0},"end":{"line":76,"column":3}},"11":{"start":{"line":75,"column":2},"end":{"line":75,"column":49}},"12":{"start":{"line":78,"column":0},"end":{"line":78,"column":56}}},"fnMap":{"0":{"name":"(anonymous_0)","decl":{"start":{"line":47,"column":38},"end":{"line":47,"column":39}},"loc":{"start":{"line":47,"column":66},"end":{"line":67,"column":1}},"line":47},"1":{"name":"(anonymous_1)","decl":{"start":{"line":70,"column":26},"end":{"line":70,"column":27}},"loc":{"start":{"line":70,"column":38},"end":{"line":72,"column":1}},"line":70},"2":{"name":"(anonymous_2)","decl":{"start":{"line":74,"column":27},"end":{"line":74,"column":28}},"loc":{"start":{"line":74,"column":39},"end":{"line":76,"column":1}},"line":74}},"branchMap":{},"s":{"0":1,"1":1,"2":1,"3":0,"4":0,"5":0,"6":0,"7":0,"8":1,"9":0,"10":1,"11":0,"12":1},"f":{"0":0,"1":0,"2":0},"b":{},"_coverageSchema":"1a1c01bbd47fc00a2c39e90264f33305004495a9","hash":"365301f1550612fa518ae4451de9721bf1135e91"}
,"C:\\Users\\hp\\Desktop\\Projet React\\OnGlob\\onGlob\\models\\Post.js": {"path":"C:\\Users\\hp\\Desktop\\Projet React\\OnGlob\\onGlob\\models\\Post.js","statementMap":{"0":{"start":{"line":1,"column":17},"end":{"line":1,"column":36}},"1":{"start":{"line":3,"column":19},"end":{"line":46,"column":2}},"2":{"start":{"line":48,"column":0},"end":{"line":48,"column":59}}},"fnMap":{},"branchMap":{},"s":{"0":1,"1":1,"2":1},"f":{},"b":{},"_coverageSchema":"1a1c01bbd47fc00a2c39e90264f33305004495a9","hash":"cf57ac750d1a02318bbce2c7c847b5f831b71a90"}
,"C:\\Users\\hp\\Desktop\\Projet React\\OnGlob\\onGlob\\models\\Profile.js": {"path":"C:\\Users\\hp\\Desktop\\Projet React\\OnGlob\\onGlob\\models\\Profile.js","statementMap":{"0":{"start":{"line":1,"column":17},"end":{"line":1,"column":36}},"1":{"start":{"line":4,"column":22},"end":{"line":116,"column":2}},"2":{"start":{"line":118,"column":0},"end":{"line":118,"column":68}}},"fnMap":{},"branchMap":{},"s":{"0":1,"1":1,"2":1},"f":{},"b":{},"_coverageSchema":"1a1c01bbd47fc00a2c39e90264f33305004495a9","hash":"9b3498dba582c92fce67abb006c1d0b2ccbad910"}
,"C:\\Users\\hp\\Desktop\\Projet React\\OnGlob\\onGlob\\models\\Review.js": {"path":"C:\\Users\\hp\\Desktop\\Projet React\\OnGlob\\onGlob\\models\\Review.js","statementMap":{"0":{"start":{"line":1,"column":17},"end":{"line":1,"column":36}},"1":{"start":{"line":3,"column":21},"end":{"line":34,"column":2}},"2":{"start":{"line":37,"column":0},"end":{"line":43,"column":2}},"3":{"start":{"line":46,"column":0},"end":{"line":66,"column":2}},"4":{"start":{"line":47,"column":2},"end":{"line":47,"column":41}},"5":{"start":{"line":48,"column":14},"end":{"line":58,"column":4}},"6":{"start":{"line":59,"column":2},"end":{"line":65,"column":3}},"7":{"start":{"line":60,"column":4},"end":{"line":62,"column":7}},"8":{"start":{"line":64,"column":4},"end":{"line":64,"column":23}},"9":{"start":{"line":69,"column":0},"end":{"line":71,"column":3}},"10":{"start":{"line":70,"column":2},"end":{"line":70,"column":51}},"11":{"start":{"line":73,"column":0},"end":{"line":75,"column":3}},"12":{"start":{"line":74,"column":2},"end":{"line":74,"column":51}},"13":{"start":{"line":77,"column":0},"end":{"line":77,"column":56}}},"fnMap":{"0":{"name":"(anonymous_0)","decl":{"start":{"line":46,"column":40},"end":{"line":46,"column":41}},"loc":{"start":{"line":46,"column":68},"end":{"line":66,"column":1}},"line":46},"1":{"name":"(anonymous_1)","decl":{"start":{"line":69,"column":26},"end":{"line":69,"column":27}},"loc":{"start":{"line":69,"column":38},"end":{"line":71,"column":1}},"line":69},"2":{"name":"(anonymous_2)","decl":{"start":{"line":73,"column":27},"end":{"line":73,"column":28}},"loc":{"start":{"line":73,"column":39},"end":{"line":75,"column":1}},"line":73}},"branchMap":{},"s":{"0":1,"1":1,"2":1,"3":1,"4":0,"5":0,"6":0,"7":0,"8":0,"9":1,"10":0,"11":1,"12":0,"13":1},"f":{"0":0,"1":0,"2":0},"b":{},"_coverageSchema":"1a1c01bbd47fc00a2c39e90264f33305004495a9","hash":"5c22d5ad8f6c3f3b392bbb987d2bd847c07c8036"}
,"C:\\Users\\hp\\Desktop\\Projet React\\OnGlob\\onGlob\\models\\User.js": {"path":"C:\\Users\\hp\\Desktop\\Projet React\\OnGlob\\onGlob\\models\\User.js","statementMap":{"0":{"start":{"line":1,"column":15},"end":{"line":1,"column":32}},"1":{"start":{"line":2,"column":17},"end":{"line":2,"column":36}},"2":{"start":{"line":3,"column":15},"end":{"line":3,"column":34}},"3":{"start":{"line":4,"column":12},"end":{"line":4,"column":35}},"4":{"start":{"line":6,"column":19},"end":{"line":37,"column":2}},"5":{"start":{"line":40,"column":0},"end":{"line":46,"column":3}},"6":{"start":{"line":41,"column":2},"end":{"line":43,"column":3}},"7":{"start":{"line":42,"column":4},"end":{"line":42,"column":11}},"8":{"start":{"line":44,"column":15},"end":{"line":44,"column":39}},"9":{"start":{"line":45,"column":2},"end":{"line":45,"column":57}},"10":{"start":{"line":49,"column":0},"end":{"line":53,"column":2}},"11":{"start":{"line":50,"column":2},"end":{"line":52,"column":5}},"12":{"start":{"line":56,"column":0},"end":{"line":58,"column":2}},"13":{"start":{"line":57,"column":2},"end":{"line":57,"column":62}},"14":{"start":{"line":61,"column":0},"end":{"line":75,"column":2}},"15":{"start":{"line":63,"column":21},"end":{"line":63,"column":59}},"16":{"start":{"line":66,"column":2},"end":{"line":69,"column":19}},"17":{"start":{"line":72,"column":2},"end":{"line":72,"column":57}},"18":{"start":{"line":74,"column":2},"end":{"line":74,"column":20}},"19":{"start":{"line":77,"column":0},"end":{"line":77,"column":52}}},"fnMap":{"0":{"name":"(anonymous_0)","decl":{"start":{"line":40,"column":23},"end":{"line":40,"column":24}},"loc":{"start":{"line":40,"column":45},"end":{"line":46,"column":1}},"line":40},"1":{"name":"(anonymous_1)","decl":{"start":{"line":49,"column":39},"end":{"line":49,"column":40}},"loc":{"start":{"line":49,"column":51},"end":{"line":53,"column":1}},"line":49},"2":{"name":"(anonymous_2)","decl":{"start":{"line":56,"column":35},"end":{"line":56,"column":36}},"loc":{"start":{"line":56,"column":68},"end":{"line":58,"column":1}},"line":56},"3":{"name":"(anonymous_3)","decl":{"start":{"line":61,"column":43},"end":{"line":61,"column":44}},"loc":{"start":{"line":61,"column":55},"end":{"line":75,"column":1}},"line":61}},"branchMap":{"0":{"loc":{"start":{"line":41,"column":2},"end":{"line":43,"column":3}},"type":"if","locations":[{"start":{"line":41,"column":2},"end":{"line":43,"column":3}},{"start":{"line":41,"column":2},"end":{"line":43,"column":3}}],"line":41}},"s":{"0":1,"1":1,"2":1,"3":1,"4":1,"5":1,"6":0,"7":0,"8":0,"9":0,"10":1,"11":0,"12":1,"13":0,"14":1,"15":0,"16":0,"17":0,"18":0,"19":1},"f":{"0":0,"1":0,"2":0,"3":0},"b":{"0":[0,0]},"_coverageSchema":"1a1c01bbd47fc00a2c39e90264f33305004495a9","hash":"73011807f5f7d3ed763d9f8fe448af2abe3d0a2f"}
,"C:\\Users\\hp\\Desktop\\Projet React\\OnGlob\\onGlob\\routes\\auth.js": {"path":"C:\\Users\\hp\\Desktop\\Projet React\\OnGlob\\onGlob\\routes\\auth.js","statementMap":{"0":{"start":{"line":1,"column":16},"end":{"line":1,"column":34}},"1":{"start":{"line":10,"column":4},"end":{"line":10,"column":34}},"2":{"start":{"line":12,"column":20},"end":{"line":12,"column":49}},"3":{"start":{"line":14,"column":15},"end":{"line":14,"column":31}},"4":{"start":{"line":16,"column":0},"end":{"line":16,"column":35}},"5":{"start":{"line":17,"column":0},"end":{"line":17,"column":29}},"6":{"start":{"line":18,"column":0},"end":{"line":18,"column":34}},"7":{"start":{"line":19,"column":0},"end":{"line":19,"column":53}},"8":{"start":{"line":20,"column":0},"end":{"line":20,"column":55}},"9":{"start":{"line":21,"column":0},"end":{"line":21,"column":47}},"10":{"start":{"line":22,"column":0},"end":{"line":22,"column":56}},"11":{"start":{"line":24,"column":0},"end":{"line":24,"column":24}}},"fnMap":{},"branchMap":{},"s":{"0":1,"1":1,"2":1,"3":1,"4":1,"5":1,"6":1,"7":1,"8":1,"9":1,"10":1,"11":1},"f":{},"b":{},"_coverageSchema":"1a1c01bbd47fc00a2c39e90264f33305004495a9","hash":"c90300184d3677f7b7c0aa221a9906a4fb1790d8"}
,"C:\\Users\\hp\\Desktop\\Projet React\\OnGlob\\onGlob\\routes\\bootcamps.js": {"path":"C:\\Users\\hp\\Desktop\\Projet React\\OnGlob\\onGlob\\routes\\bootcamps.js","statementMap":{"0":{"start":{"line":1,"column":16},"end":{"line":1,"column":34}},"1":{"start":{"line":10,"column":4},"end":{"line":10,"column":39}},"2":{"start":{"line":12,"column":24},"end":{"line":12,"column":63}},"3":{"start":{"line":14,"column":17},"end":{"line":14,"column":47}},"4":{"start":{"line":17,"column":21},"end":{"line":17,"column":41}},"5":{"start":{"line":18,"column":21},"end":{"line":18,"column":41}},"6":{"start":{"line":20,"column":15},"end":{"line":20,"column":31}},"7":{"start":{"line":22,"column":31},"end":{"line":22,"column":60}},"8":{"start":{"line":25,"column":0},"end":{"line":25,"column":49}},"9":{"start":{"line":26,"column":0},"end":{"line":26,"column":49}},"10":{"start":{"line":28,"column":0},"end":{"line":28,"column":69}},"11":{"start":{"line":30,"column":0},"end":{"line":32,"column":70}},"12":{"start":{"line":34,"column":0},"end":{"line":37,"column":67}},"13":{"start":{"line":38,"column":0},"end":{"line":42,"column":69}},"14":{"start":{"line":44,"column":0},"end":{"line":44,"column":24}}},"fnMap":{},"branchMap":{},"s":{"0":1,"1":1,"2":1,"3":1,"4":1,"5":1,"6":1,"7":1,"8":1,"9":1,"10":1,"11":1,"12":1,"13":1,"14":1},"f":{},"b":{},"_coverageSchema":"1a1c01bbd47fc00a2c39e90264f33305004495a9","hash":"90a4fff6e67c6a7f3e03132998c3f809cabfaa2e"}
,"C:\\Users\\hp\\Desktop\\Projet React\\OnGlob\\onGlob\\routes\\courses.js": {"path":"C:\\Users\\hp\\Desktop\\Projet React\\OnGlob\\onGlob\\routes\\courses.js","statementMap":{"0":{"start":{"line":1,"column":16},"end":{"line":1,"column":34}},"1":{"start":{"line":8,"column":4},"end":{"line":8,"column":37}},"2":{"start":{"line":10,"column":15},"end":{"line":10,"column":42}},"3":{"start":{"line":12,"column":31},"end":{"line":12,"column":60}},"4":{"start":{"line":14,"column":24},"end":{"line":14,"column":63}},"5":{"start":{"line":16,"column":15},"end":{"line":16,"column":52}},"6":{"start":{"line":18,"column":0},"end":{"line":27,"column":61}},"7":{"start":{"line":29,"column":0},"end":{"line":33,"column":66}},"8":{"start":{"line":35,"column":0},"end":{"line":35,"column":24}}},"fnMap":{},"branchMap":{},"s":{"0":1,"1":1,"2":1,"3":1,"4":1,"5":1,"6":1,"7":1,"8":1},"f":{},"b":{},"_coverageSchema":"1a1c01bbd47fc00a2c39e90264f33305004495a9","hash":"6deb48d67c8133f93ff05e10cd93a4ab8be909cc"}
,"C:\\Users\\hp\\Desktop\\Projet React\\OnGlob\\onGlob\\routes\\posts.js": {"path":"C:\\Users\\hp\\Desktop\\Projet React\\OnGlob\\onGlob\\routes\\posts.js","statementMap":{"0":{"start":{"line":1,"column":16},"end":{"line":1,"column":34}},"1":{"start":{"line":11,"column":4},"end":{"line":11,"column":35}},"2":{"start":{"line":13,"column":20},"end":{"line":13,"column":49}},"3":{"start":{"line":15,"column":15},"end":{"line":15,"column":31}},"4":{"start":{"line":17,"column":0},"end":{"line":17,"column":67}},"5":{"start":{"line":18,"column":0},"end":{"line":18,"column":71}},"6":{"start":{"line":19,"column":0},"end":{"line":19,"column":50}},"7":{"start":{"line":20,"column":0},"end":{"line":20,"column":54}},"8":{"start":{"line":21,"column":0},"end":{"line":21,"column":56}},"9":{"start":{"line":22,"column":0},"end":{"line":22,"column":72}},"10":{"start":{"line":24,"column":0},"end":{"line":24,"column":24}}},"fnMap":{},"branchMap":{},"s":{"0":1,"1":1,"2":1,"3":1,"4":1,"5":1,"6":1,"7":1,"8":1,"9":1,"10":1},"f":{},"b":{},"_coverageSchema":"1a1c01bbd47fc00a2c39e90264f33305004495a9","hash":"3173f51eb96404053b9ff51e19f4157fd2415f62"}
,"C:\\Users\\hp\\Desktop\\Projet React\\OnGlob\\onGlob\\routes\\profiles.js": {"path":"C:\\Users\\hp\\Desktop\\Projet React\\OnGlob\\onGlob\\routes\\profiles.js","statementMap":{"0":{"start":{"line":1,"column":16},"end":{"line":1,"column":34}},"1":{"start":{"line":14,"column":4},"end":{"line":14,"column":38}},"2":{"start":{"line":16,"column":15},"end":{"line":16,"column":31}},"3":{"start":{"line":18,"column":20},"end":{"line":18,"column":49}},"4":{"start":{"line":20,"column":0},"end":{"line":20,"column":40}},"5":{"start":{"line":21,"column":0},"end":{"line":26,"column":34}},"6":{"start":{"line":28,"column":0},"end":{"line":28,"column":59}},"7":{"start":{"line":29,"column":0},"end":{"line":29,"column":70}},"8":{"start":{"line":31,"column":0},"end":{"line":31,"column":57}},"9":{"start":{"line":32,"column":0},"end":{"line":32,"column":68}},"10":{"start":{"line":34,"column":0},"end":{"line":34,"column":49}},"11":{"start":{"line":36,"column":0},"end":{"line":36,"column":43}},"12":{"start":{"line":38,"column":0},"end":{"line":38,"column":24}}},"fnMap":{},"branchMap":{},"s":{"0":1,"1":1,"2":1,"3":1,"4":1,"5":1,"6":1,"7":1,"8":1,"9":1,"10":1,"11":1,"12":1},"f":{},"b":{},"_coverageSchema":"1a1c01bbd47fc00a2c39e90264f33305004495a9","hash":"c5cadd110305548145263d8b63b4c1c85ff82f65"}
,"C:\\Users\\hp\\Desktop\\Projet React\\OnGlob\\onGlob\\routes\\reviews.js": {"path":"C:\\Users\\hp\\Desktop\\Projet React\\OnGlob\\onGlob\\routes\\reviews.js","statementMap":{"0":{"start":{"line":1,"column":16},"end":{"line":1,"column":34}},"1":{"start":{"line":8,"column":4},"end":{"line":8,"column":37}},"2":{"start":{"line":9,"column":15},"end":{"line":9,"column":52}},"3":{"start":{"line":11,"column":31},"end":{"line":11,"column":60}},"4":{"start":{"line":13,"column":15},"end":{"line":13,"column":42}},"5":{"start":{"line":14,"column":23},"end":{"line":14,"column":62}},"6":{"start":{"line":16,"column":0},"end":{"line":25,"column":56}},"7":{"start":{"line":27,"column":0},"end":{"line":31,"column":61}},"8":{"start":{"line":33,"column":0},"end":{"line":33,"column":24}}},"fnMap":{},"branchMap":{},"s":{"0":1,"1":1,"2":1,"3":1,"4":1,"5":1,"6":1,"7":1,"8":1},"f":{},"b":{},"_coverageSchema":"1a1c01bbd47fc00a2c39e90264f33305004495a9","hash":"8f5f7ecd4dfa9ff955cb17b8d04567e207557884"}
,"C:\\Users\\hp\\Desktop\\Projet React\\OnGlob\\onGlob\\routes\\users.js": {"path":"C:\\Users\\hp\\Desktop\\Projet React\\OnGlob\\onGlob\\routes\\users.js","statementMap":{"0":{"start":{"line":1,"column":16},"end":{"line":1,"column":34}},"1":{"start":{"line":8,"column":4},"end":{"line":8,"column":35}},"2":{"start":{"line":10,"column":24},"end":{"line":10,"column":63}},"3":{"start":{"line":12,"column":15},"end":{"line":12,"column":31}},"4":{"start":{"line":14,"column":31},"end":{"line":14,"column":60}},"5":{"start":{"line":15,"column":13},"end":{"line":15,"column":38}},"6":{"start":{"line":17,"column":0},"end":{"line":17,"column":20}},"7":{"start":{"line":18,"column":0},"end":{"line":18,"column":31}},"8":{"start":{"line":20,"column":0},"end":{"line":20,"column":72}},"9":{"start":{"line":21,"column":0},"end":{"line":21,"column":69}},"10":{"start":{"line":23,"column":0},"end":{"line":23,"column":24}}},"fnMap":{},"branchMap":{},"s":{"0":1,"1":1,"2":1,"3":1,"4":1,"5":1,"6":1,"7":1,"8":1,"9":1,"10":1},"f":{},"b":{},"_coverageSchema":"1a1c01bbd47fc00a2c39e90264f33305004495a9","hash":"d00689d98ca1113fe0c5347aee5f884e6ff50013"}
,"C:\\Users\\hp\\Desktop\\Projet React\\OnGlob\\onGlob\\utils\\errorResponse.js": {"path":"C:\\Users\\hp\\Desktop\\Projet React\\OnGlob\\onGlob\\utils\\errorResponse.js","statementMap":{"0":{"start":{"line":3,"column":4},"end":{"line":3,"column":19}},"1":{"start":{"line":4,"column":4},"end":{"line":4,"column":33}},"2":{"start":{"line":8,"column":0},"end":{"line":8,"column":31}}},"fnMap":{"0":{"name":"(anonymous_0)","decl":{"start":{"line":2,"column":2},"end":{"line":2,"column":3}},"loc":{"start":{"line":2,"column":35},"end":{"line":5,"column":3}},"line":2}},"branchMap":{},"s":{"0":0,"1":0,"2":1},"f":{"0":0},"b":{},"_coverageSchema":"1a1c01bbd47fc00a2c39e90264f33305004495a9","hash":"c59312c6bb1a5ff8de04577bcfd2d7fa97762ce0"}
,"C:\\Users\\hp\\Desktop\\Projet React\\OnGlob\\onGlob\\utils\\geoCoder.js": {"path":"C:\\Users\\hp\\Desktop\\Projet React\\OnGlob\\onGlob\\utils\\geoCoder.js","statementMap":{"0":{"start":{"line":1,"column":21},"end":{"line":1,"column":45}},"1":{"start":{"line":3,"column":16},"end":{"line":8,"column":1}},"2":{"start":{"line":10,"column":17},"end":{"line":10,"column":38}},"3":{"start":{"line":12,"column":0},"end":{"line":12,"column":26}}},"fnMap":{},"branchMap":{},"s":{"0":1,"1":1,"2":1,"3":1},"f":{},"b":{},"_coverageSchema":"1a1c01bbd47fc00a2c39e90264f33305004495a9","hash":"ab2471f4b08035c5de068eb6b364f5e827313ff1"}
,"C:\\Users\\hp\\Desktop\\Projet React\\OnGlob\\onGlob\\utils\\sendEmail.js": {"path":"C:\\Users\\hp\\Desktop\\Projet React\\OnGlob\\onGlob\\utils\\sendEmail.js","statementMap":{"0":{"start":{"line":1,"column":19},"end":{"line":1,"column":40}},"1":{"start":{"line":4,"column":18},"end":{"line":26,"column":1}},"2":{"start":{"line":6,"column":20},"end":{"line":13,"column":4}},"3":{"start":{"line":16,"column":16},"end":{"line":21,"column":3}},"4":{"start":{"line":23,"column":15},"end":{"line":23,"column":50}},"5":{"start":{"line":25,"column":2},"end":{"line":25,"column":50}},"6":{"start":{"line":28,"column":0},"end":{"line":28,"column":27}}},"fnMap":{"0":{"name":"(anonymous_0)","decl":{"start":{"line":4,"column":18},"end":{"line":4,"column":19}},"loc":{"start":{"line":4,"column":37},"end":{"line":26,"column":1}},"line":4}},"branchMap":{},"s":{"0":1,"1":1,"2":0,"3":0,"4":0,"5":0,"6":1},"f":{"0":0},"b":{},"_coverageSchema":"1a1c01bbd47fc00a2c39e90264f33305004495a9","hash":"b15794f20c650d3e1b6682fbc3930e475bf23cec"}
}
