TN:
SF:server.js
FN:36,(anonymous_0)
FN:39,(anonymous_1)
FNF:2
FNH:0
FNDA:0,(anonymous_0)
FNDA:0,(anonymous_1)
DA:1,1
DA:2,1
DA:3,1
DA:4,1
DA:6,1
DA:9,1
DA:12,1
DA:15,1
DA:18,1
DA:21,1
DA:22,0
DA:26,1
DA:28,1
DA:30,1
DA:36,1
DA:37,0
DA:39,0
DA:42,1
LF:18
LH:15
BRDA:21,0,0,0
BRDA:21,0,1,1
BRDA:28,1,0,1
BRDA:28,1,1,0
BRF:4
BRH:2
end_of_record
TN:
SF:config\db.js
FN:3,(anonymous_0)
FNF:1
FNH:1
FNDA:1,(anonymous_0)
DA:1,1
DA:3,1
DA:4,1
DA:11,1
DA:14,1
LF:5
LH:5
BRF:0
BRH:0
end_of_record
TN:
SF:controllers\bootcamps.js
FN:6,(anonymous_0)
FN:30,(anonymous_1)
FN:53,(anonymous_2)
FN:69,(anonymous_3)
FN:93,(anonymous_4)
FNF:5
FNH:1
FNDA:1,(anonymous_0)
FNDA:0,(anonymous_1)
FNDA:0,(anonymous_2)
FNDA:0,(anonymous_3)
FNDA:0,(anonymous_4)
DA:1,1
DA:6,1
DA:7,1
DA:8,1
DA:10,1
DA:11,0
DA:17,1
DA:23,0
DA:30,1
DA:31,0
DA:32,0
DA:34,0
DA:35,0
DA:41,0
DA:46,0
DA:53,1
DA:54,0
DA:55,0
DA:57,0
DA:62,0
DA:69,1
DA:70,0
DA:71,0
DA:76,0
DA:77,0
DA:80,0
DA:85,0
DA:93,1
DA:94,0
DA:95,0
DA:97,0
DA:102,0
LF:32
LH:10
BRDA:10,0,0,0
BRDA:10,0,1,1
BRDA:34,1,0,0
BRDA:34,1,1,0
BRDA:76,2,0,0
BRDA:76,2,1,0
BRF:6
BRH:1
end_of_record
TN:
SF:models\Bootcamps.js
FNF:0
FNH:0
DA:1,1
DA:3,1
DA:97,1
LF:3
LH:3
BRF:0
BRH:0
end_of_record
TN:
SF:routes\bootcamps.js
FNF:0
FNH:0
DA:1,1
DA:8,1
DA:10,1
DA:12,1
DA:13,1
DA:19,1
LF:6
LH:6
BRF:0
BRH:0
end_of_record
