TN:
SF:server.js
FN:67,(anonymous_0)
FN:70,(anonymous_1)
FNF:2
FNH:0
FNDA:0,(anonymous_0)
FNDA:0,(anonymous_1)
DA:1,1
DA:2,1
DA:3,1
DA:4,1
DA:5,1
DA:6,1
DA:7,1
DA:8,1
DA:9,1
DA:11,1
DA:14,1
DA:17,1
DA:18,1
DA:20,0
DA:24,1
DA:25,1
DA:26,1
DA:27,1
DA:28,1
DA:29,1
DA:30,1
DA:33,1
DA:36,1
DA:39,1
DA:40,0
DA:44,1
DA:47,1
DA:50,1
DA:51,1
DA:52,1
DA:53,1
DA:54,1
DA:55,1
DA:56,1
DA:57,1
DA:59,1
DA:61,1
DA:67,1
DA:68,0
DA:70,0
DA:73,1
LF:41
LH:37
BRDA:17,0,0,1
BRDA:17,0,1,0
BRDA:39,1,0,0
BRDA:39,1,1,1
BRDA:59,2,0,1
BRDA:59,2,1,0
BRF:6
BRH:3
end_of_record
TN:
SF:config\db.js
FN:3,(anonymous_0)
FNF:1
FNH:0
FNDA:0,(anonymous_0)
DA:1,1
DA:3,1
DA:4,0
DA:11,0
DA:14,1
LF:5
LH:3
BRF:0
BRH:0
end_of_record
TN:
SF:config\dbTest.js
FN:3,(anonymous_0)
FNF:1
FNH:1
FNDA:1,(anonymous_0)
DA:1,1
DA:3,1
DA:4,1
DA:11,1
DA:14,1
LF:5
LH:5
BRF:0
BRH:0
end_of_record
TN:
SF:controllers\auth.js
FN:10,(anonymous_0)
FN:27,(anonymous_1)
FN:52,(anonymous_2)
FN:77,(anonymous_3)
FN:89,(anonymous_4)
FN:132,(anonymous_5)
FN:162,(anonymous_6)
FN:183,(anonymous_7)
FNF:8
FNH:0
FNDA:0,(anonymous_0)
FNDA:0,(anonymous_1)
FNDA:0,(anonymous_2)
FNDA:0,(anonymous_3)
FNDA:0,(anonymous_4)
FNDA:0,(anonymous_5)
FNDA:0,(anonymous_6)
FNDA:0,(anonymous_7)
DA:1,1
DA:2,1
DA:3,1
DA:4,1
DA:5,1
DA:10,1
DA:11,0
DA:14,0
DA:21,0
DA:27,1
DA:28,0
DA:31,0
DA:32,0
DA:36,0
DA:38,0
DA:39,0
DA:43,0
DA:44,0
DA:45,0
DA:48,0
DA:52,1
DA:54,0
DA:57,0
DA:64,0
DA:65,0
DA:68,0
DA:77,1
DA:78,0
DA:80,0
DA:89,1
DA:90,0
DA:91,0
DA:92,0
DA:96,0
DA:98,0
DA:101,0
DA:105,0
DA:107,0
DA:108,0
DA:114,0
DA:119,0
DA:120,0
DA:121,0
DA:123,0
DA:125,0
DA:132,1
DA:134,0
DA:139,0
DA:144,0
DA:145,0
DA:149,0
DA:150,0
DA:151,0
DA:153,0
DA:155,0
DA:162,1
DA:163,0
DA:168,0
DA:173,0
DA:183,1
DA:184,0
DA:187,0
DA:188,0
DA:191,0
DA:192,0
DA:194,0
LF:66
LH:13
BRDA:31,0,0,0
BRDA:31,0,1,0
BRDA:31,1,0,0
BRDA:31,1,1,0
BRDA:38,2,0,0
BRDA:38,2,1,0
BRDA:44,3,0,0
BRDA:44,3,1,0
BRDA:64,4,0,0
BRDA:64,4,1,0
BRDA:91,5,0,0
BRDA:91,5,1,0
BRDA:144,6,0,0
BRDA:144,6,1,0
BRDA:187,7,0,0
BRDA:187,7,1,0
BRF:16
BRH:0
end_of_record
TN:
SF:controllers\bootcamps.js
FN:10,(anonymous_0)
FN:17,(anonymous_1)
FN:31,(anonymous_2)
FN:60,(anonymous_3)
FN:92,(anonymous_4)
FN:114,(anonymous_5)
FN:142,(anonymous_6)
FN:185,(anonymous_7)
FNF:8
FNH:1
FNDA:1,(anonymous_0)
FNDA:0,(anonymous_1)
FNDA:0,(anonymous_2)
FNDA:0,(anonymous_3)
FNDA:0,(anonymous_4)
FNDA:0,(anonymous_5)
FNDA:0,(anonymous_6)
FNDA:0,(anonymous_7)
DA:1,1
DA:2,1
DA:3,1
DA:4,1
DA:5,1
DA:10,1
DA:11,1
DA:17,1
DA:18,0
DA:20,0
DA:21,0
DA:25,0
DA:31,1
DA:33,0
DA:36,0
DA:41,0
DA:42,0
DA:49,0
DA:51,0
DA:60,1
DA:61,0
DA:63,0
DA:64,0
DA:70,0
DA:71,0
DA:79,0
DA:84,0
DA:92,1
DA:93,0
DA:95,0
DA:96,0
DA:103,0
DA:105,0
DA:114,1
DA:115,0
DA:118,0
DA:119,0
DA:120,0
DA:125,0
DA:127,0
DA:131,0
DA:142,1
DA:143,0
DA:145,0
DA:146,0
DA:152,0
DA:153,0
DA:161,0
DA:162,0
DA:165,0
DA:168,0
DA:169,0
DA:173,0
DA:174,0
DA:183,0
DA:185,0
DA:186,0
DA:187,0
DA:188,0
DA:191,0
DA:193,0
LF:61
LH:13
BRDA:20,0,0,0
BRDA:20,0,1,0
BRDA:41,1,0,0
BRDA:41,1,1,0
BRDA:41,2,0,0
BRDA:41,2,1,0
BRDA:63,3,0,0
BRDA:63,3,1,0
BRDA:70,4,0,0
BRDA:70,4,1,0
BRDA:70,5,0,0
BRDA:70,5,1,0
BRDA:95,6,0,0
BRDA:95,6,1,0
BRDA:95,7,0,0
BRDA:95,7,1,0
BRDA:145,8,0,0
BRDA:145,8,1,0
BRDA:152,9,0,0
BRDA:152,9,1,0
BRDA:152,10,0,0
BRDA:152,10,1,0
BRDA:161,11,0,0
BRDA:161,11,1,0
BRDA:168,12,0,0
BRDA:168,12,1,0
BRDA:173,13,0,0
BRDA:173,13,1,0
BRDA:186,14,0,0
BRDA:186,14,1,0
BRF:30
BRH:0
end_of_record
TN:
SF:controllers\courses.js
FN:11,(anonymous_0)
FN:29,(anonymous_1)
FN:50,(anonymous_2)
FN:90,(anonymous_3)
FN:124,(anonymous_4)
FNF:5
FNH:0
FNDA:0,(anonymous_0)
FNDA:0,(anonymous_1)
FNDA:0,(anonymous_2)
FNDA:0,(anonymous_3)
FNDA:0,(anonymous_4)
DA:1,1
DA:2,1
DA:3,1
DA:4,1
DA:11,1
DA:12,0
DA:13,0
DA:15,0
DA:21,0
DA:29,1
DA:30,0
DA:35,0
DA:36,0
DA:40,0
DA:50,1
DA:51,0
DA:52,0
DA:54,0
DA:59,0
DA:60,0
DA:69,0
DA:70,0
DA:78,0
DA:80,0
DA:90,1
DA:91,0
DA:93,0
DA:94,0
DA:100,0
DA:101,0
DA:109,0
DA:114,0
DA:124,1
DA:125,0
DA:127,0
DA:128,0
DA:133,0
DA:134,0
DA:142,0
DA:144,0
LF:40
LH:9
BRDA:12,0,0,0
BRDA:12,0,1,0
BRDA:35,1,0,0
BRDA:35,1,1,0
BRDA:59,2,0,0
BRDA:59,2,1,0
BRDA:69,3,0,0
BRDA:69,3,1,0
BRDA:69,4,0,0
BRDA:69,4,1,0
BRDA:93,5,0,0
BRDA:93,5,1,0
BRDA:100,6,0,0
BRDA:100,6,1,0
BRDA:100,7,0,0
BRDA:100,7,1,0
BRDA:127,8,0,0
BRDA:127,8,1,0
BRDA:133,9,0,0
BRDA:133,9,1,0
BRDA:133,10,0,0
BRDA:133,10,1,0
BRF:22
BRH:0
end_of_record
TN:
SF:controllers\posts.js
FN:11,(anonymous_0)
FN:30,(anonymous_1)
FN:48,(anonymous_2)
FN:66,(anonymous_3)
FN:86,(anonymous_4)
FN:98,(anonymous_5)
FN:118,(anonymous_6)
FN:128,(anonymous_7)
FN:134,(anonymous_8)
FN:150,(anonymous_9)
FN:178,(anonymous_10)
FN:189,(anonymous_11)
FN:207,(anonymous_12)
FNF:13
FNH:0
FNDA:0,(anonymous_0)
FNDA:0,(anonymous_1)
FNDA:0,(anonymous_2)
FNDA:0,(anonymous_3)
FNDA:0,(anonymous_4)
FNDA:0,(anonymous_5)
FNDA:0,(anonymous_6)
FNDA:0,(anonymous_7)
FNDA:0,(anonymous_8)
FNDA:0,(anonymous_9)
FNDA:0,(anonymous_10)
FNDA:0,(anonymous_11)
FNDA:0,(anonymous_12)
DA:1,1
DA:2,1
DA:3,1
DA:4,1
DA:5,1
DA:11,1
DA:12,0
DA:18,0
DA:20,0
DA:30,1
DA:31,0
DA:33,0
DA:34,0
DA:37,0
DA:48,1
DA:49,0
DA:51,0
DA:52,0
DA:57,0
DA:66,1
DA:67,0
DA:69,0
DA:70,0
DA:75,0
DA:77,0
DA:86,1
DA:87,0
DA:89,0
DA:90,0
DA:95,0
DA:97,0
DA:98,0
DA:100,0
DA:105,0
DA:106,0
DA:108,0
DA:118,1
DA:119,0
DA:121,0
DA:122,0
DA:127,0
DA:128,0
DA:131,0
DA:133,0
DA:134,0
DA:137,0
DA:139,0
DA:141,0
DA:150,1
DA:151,0
DA:153,0
DA:154,0
DA:159,0
DA:165,0
DA:166,0
DA:168,0
DA:178,1
DA:179,0
DA:181,0
DA:182,0
DA:188,0
DA:189,0
DA:192,0
DA:193,0
DA:202,0
DA:203,0
DA:206,0
DA:207,0
DA:210,0
DA:211,0
DA:213,0
LF:71
LH:13
BRDA:33,0,0,0
BRDA:33,0,1,0
BRDA:51,1,0,0
BRDA:51,1,1,0
BRDA:69,2,0,0
BRDA:69,2,1,0
BRDA:89,3,0,0
BRDA:89,3,1,0
BRDA:97,4,0,0
BRDA:97,4,1,0
BRDA:121,5,0,0
BRDA:121,5,1,0
BRDA:127,6,0,0
BRDA:127,6,1,0
BRDA:153,7,0,0
BRDA:153,7,1,0
BRDA:181,8,0,0
BRDA:181,8,1,0
BRDA:192,9,0,0
BRDA:192,9,1,0
BRDA:202,10,0,0
BRDA:202,10,1,0
BRF:22
BRH:0
end_of_record
TN:
SF:controllers\profiles.js
FN:12,(anonymous_0)
FN:27,(anonymous_1)
FN:54,(anonymous_2)
FN:78,(anonymous_3)
FN:102,(anonymous_4)
FN:115,(anonymous_5)
FN:136,(anonymous_6)
FN:154,(anonymous_7)
FN:197,(anonymous_8)
FN:208,(anonymous_9)
FN:225,(anonymous_10)
FN:268,(anonymous_11)
FN:279,(anonymous_12)
FN:296,(anonymous_13)
FN:303,(anonymous_14)
FNF:15
FNH:0
FNDA:0,(anonymous_0)
FNDA:0,(anonymous_1)
FNDA:0,(anonymous_2)
FNDA:0,(anonymous_3)
FNDA:0,(anonymous_4)
FNDA:0,(anonymous_5)
FNDA:0,(anonymous_6)
FNDA:0,(anonymous_7)
FNDA:0,(anonymous_8)
FNDA:0,(anonymous_9)
FNDA:0,(anonymous_10)
FNDA:0,(anonymous_11)
FNDA:0,(anonymous_12)
FNDA:0,(anonymous_13)
FNDA:0,(anonymous_14)
DA:1,1
DA:2,1
DA:3,1
DA:4,1
DA:5,1
DA:6,1
DA:12,1
DA:13,0
DA:17,0
DA:27,1
DA:41,0
DA:45,0
DA:46,0
DA:47,0
DA:48,0
DA:49,0
DA:50,0
DA:51,0
DA:52,0
DA:53,0
DA:54,0
DA:58,0
DA:59,0
DA:60,0
DA:61,0
DA:62,0
DA:63,0
DA:66,0
DA:68,0
DA:78,1
DA:79,0
DA:81,0
DA:82,0
DA:87,0
DA:92,0
DA:102,1
DA:103,0
DA:105,0
DA:115,1
DA:116,0
DA:120,0
DA:121,0
DA:126,0
DA:136,1
DA:138,0
DA:140,0
DA:142,0
DA:144,0
DA:154,1
DA:163,0
DA:165,0
DA:175,0
DA:177,0
DA:178,0
DA:183,0
DA:185,0
DA:187,0
DA:197,1
DA:198,0
DA:200,0
DA:201,0
DA:207,0
DA:208,0
DA:211,0
DA:213,0
DA:215,0
DA:225,1
DA:234,0
DA:236,0
DA:246,0
DA:248,0
DA:249,0
DA:254,0
DA:256,0
DA:258,0
DA:268,1
DA:269,0
DA:271,0
DA:272,0
DA:278,0
DA:279,0
DA:282,0
DA:284,0
DA:286,0
DA:296,1
DA:297,0
DA:303,0
DA:304,0
DA:306,0
DA:307,0
DA:310,0
LF:91
LH:17
BRDA:47,0,0,0
BRDA:47,0,1,0
BRDA:48,1,0,0
BRDA:48,1,1,0
BRDA:49,2,0,0
BRDA:49,2,1,0
BRDA:50,3,0,0
BRDA:50,3,1,0
BRDA:51,4,0,0
BRDA:51,4,1,0
BRDA:52,5,0,0
BRDA:52,5,1,0
BRDA:53,6,0,0
BRDA:53,6,1,0
BRDA:59,7,0,0
BRDA:59,7,1,0
BRDA:60,8,0,0
BRDA:60,8,1,0
BRDA:61,9,0,0
BRDA:61,9,1,0
BRDA:62,10,0,0
BRDA:62,10,1,0
BRDA:63,11,0,0
BRDA:63,11,1,0
BRDA:81,12,0,0
BRDA:81,12,1,0
BRDA:120,13,0,0
BRDA:120,13,1,0
BRDA:177,14,0,0
BRDA:177,14,1,0
BRDA:200,15,0,0
BRDA:200,15,1,0
BRDA:248,16,0,0
BRDA:248,16,1,0
BRDA:271,17,0,0
BRDA:271,17,1,0
BRDA:304,18,0,0
BRDA:304,18,1,0
BRDA:306,19,0,0
BRDA:306,19,1,0
BRF:40
BRH:0
end_of_record
TN:
SF:controllers\reviews.js
FN:11,(anonymous_0)
FN:29,(anonymous_1)
FN:51,(anonymous_2)
FN:80,(anonymous_3)
FN:104,(anonymous_4)
FN:133,(anonymous_5)
FNF:6
FNH:0
FNDA:0,(anonymous_0)
FNDA:0,(anonymous_1)
FNDA:0,(anonymous_2)
FNDA:0,(anonymous_3)
FNDA:0,(anonymous_4)
FNDA:0,(anonymous_5)
DA:1,1
DA:2,1
DA:3,1
DA:4,1
DA:11,1
DA:12,0
DA:13,0
DA:15,0
DA:21,0
DA:29,1
DA:30,0
DA:35,0
DA:36,0
DA:41,0
DA:51,1
DA:52,0
DA:53,0
DA:55,0
DA:57,0
DA:59,0
DA:60,0
DA:68,0
DA:70,0
DA:80,1
DA:81,0
DA:83,0
DA:84,0
DA:89,0
DA:94,0
DA:104,1
DA:105,0
DA:107,0
DA:108,0
DA:114,0
DA:115,0
DA:118,0
DA:123,0
DA:133,1
DA:134,0
DA:136,0
DA:137,0
DA:143,0
DA:144,0
DA:147,0
DA:149,0
LF:45
LH:10
BRDA:12,0,0,0
BRDA:12,0,1,0
BRDA:35,1,0,0
BRDA:35,1,1,0
BRDA:59,2,0,0
BRDA:59,2,1,0
BRDA:83,3,0,0
BRDA:83,3,1,0
BRDA:107,4,0,0
BRDA:107,4,1,0
BRDA:114,5,0,0
BRDA:114,5,1,0
BRDA:114,6,0,0
BRDA:114,6,1,0
BRDA:136,7,0,0
BRDA:136,7,1,0
BRDA:143,8,0,0
BRDA:143,8,1,0
BRDA:143,9,0,0
BRDA:143,9,1,0
BRF:20
BRH:0
end_of_record
TN:
SF:controllers\users.js
FN:8,(anonymous_0)
FN:16,(anonymous_1)
FN:29,(anonymous_2)
FN:42,(anonymous_3)
FN:58,(anonymous_4)
FNF:5
FNH:0
FNDA:0,(anonymous_0)
FNDA:0,(anonymous_1)
FNDA:0,(anonymous_2)
FNDA:0,(anonymous_3)
FNDA:0,(anonymous_4)
DA:1,1
DA:2,1
DA:8,1
DA:9,0
DA:16,1
DA:17,0
DA:19,0
DA:29,1
DA:30,0
DA:32,0
DA:42,1
DA:43,0
DA:48,0
DA:58,1
DA:59,0
DA:61,0
LF:16
LH:7
BRF:0
BRH:0
end_of_record
TN:
SF:middleware\advancedResult.js
FN:1,(anonymous_0)
FN:1,(anonymous_1)
FN:9,(anonymous_2)
FN:15,(anonymous_3)
FNF:4
FNH:3
FNDA:4,(anonymous_0)
FNDA:1,(anonymous_1)
FNDA:2,(anonymous_2)
FNDA:0,(anonymous_3)
DA:1,4
DA:3,1
DA:6,1
DA:9,2
DA:11,1
DA:13,1
DA:15,0
DA:18,1
DA:21,1
DA:22,0
DA:23,0
DA:27,1
DA:28,0
DA:29,0
DA:31,1
DA:35,1
DA:36,1
DA:37,1
DA:38,1
DA:39,1
DA:41,1
DA:43,1
DA:44,1
DA:48,1
DA:51,1
DA:53,1
DA:54,0
DA:59,1
DA:60,0
DA:66,1
DA:73,1
DA:76,1
LF:32
LH:25
BRDA:21,0,0,0
BRDA:21,0,1,1
BRDA:27,1,0,0
BRDA:27,1,1,1
BRDA:35,2,0,1
BRDA:35,2,1,1
BRDA:36,3,0,1
BRDA:36,3,1,1
BRDA:43,4,0,1
BRDA:43,4,1,0
BRDA:53,5,0,0
BRDA:53,5,1,1
BRDA:59,6,0,0
BRDA:59,6,1,1
BRF:14
BRH:9
end_of_record
TN:
SF:middleware\async.js
FN:1,(anonymous_0)
FN:1,(anonymous_1)
FNF:2
FNH:2
FNDA:50,(anonymous_0)
FNDA:1,(anonymous_1)
DA:1,50
DA:2,1
DA:4,1
LF:3
LH:3
BRF:0
BRH:0
end_of_record
TN:
SF:middleware\auth.js
FN:7,(anonymous_0)
FN:43,(anonymous_1)
FN:44,(anonymous_2)
FNF:3
FNH:1
FNDA:0,(anonymous_0)
FNDA:11,(anonymous_1)
FNDA:0,(anonymous_2)
DA:1,1
DA:2,1
DA:3,1
DA:4,1
DA:7,1
DA:10,0
DA:14,0
DA:22,0
DA:23,0
DA:28,0
DA:30,0
DA:32,0
DA:34,0
DA:36,0
DA:38,0
DA:43,1
DA:44,11
DA:45,0
DA:46,0
DA:53,0
LF:20
LH:7
BRDA:10,0,0,0
BRDA:10,0,1,0
BRDA:11,1,0,0
BRDA:11,1,1,0
BRDA:22,2,0,0
BRDA:22,2,1,0
BRDA:45,3,0,0
BRDA:45,3,1,0
BRF:8
BRH:0
end_of_record
TN:
SF:middleware\error.js
FN:3,(anonymous_0)
FN:18,(anonymous_1)
FNF:2
FNH:0
FNDA:0,(anonymous_0)
FNDA:0,(anonymous_1)
DA:1,1
DA:3,1
DA:4,0
DA:6,0
DA:8,0
DA:11,0
DA:12,0
DA:13,0
DA:17,0
DA:18,0
DA:19,0
DA:22,0
DA:28,1
LF:13
LH:3
BRDA:11,0,0,0
BRDA:11,0,1,0
BRDA:17,1,0,0
BRDA:17,1,1,0
BRDA:22,2,0,0
BRDA:22,2,1,0
BRDA:24,3,0,0
BRDA:24,3,1,0
BRF:8
BRH:0
end_of_record
TN:
SF:models\Bootcamps.js
FN:115,(anonymous_0)
FN:121,(anonymous_1)
FN:140,(anonymous_2)
FNF:3
FNH:0
FNDA:0,(anonymous_0)
FNDA:0,(anonymous_1)
FNDA:0,(anonymous_2)
DA:1,1
DA:2,1
DA:3,1
DA:5,1
DA:115,1
DA:116,0
DA:117,0
DA:121,1
DA:122,0
DA:123,0
DA:135,0
DA:136,0
DA:140,1
DA:141,0
DA:142,0
DA:146,1
DA:153,1
LF:17
LH:9
BRF:0
BRH:0
end_of_record
TN:
SF:models\Course.js
FN:47,(anonymous_0)
FN:70,(anonymous_1)
FN:74,(anonymous_2)
FNF:3
FNH:0
FNDA:0,(anonymous_0)
FNDA:0,(anonymous_1)
FNDA:0,(anonymous_2)
DA:1,1
DA:3,1
DA:47,1
DA:48,0
DA:49,0
DA:60,0
DA:61,0
DA:65,0
DA:70,1
DA:71,0
DA:74,1
DA:75,0
DA:78,1
LF:13
LH:6
BRF:0
BRH:0
end_of_record
TN:
SF:models\Post.js
FNF:0
FNH:0
DA:1,1
DA:3,1
DA:48,1
LF:3
LH:3
BRF:0
BRH:0
end_of_record
TN:
SF:models\Profile.js
FNF:0
FNH:0
DA:1,1
DA:4,1
DA:118,1
LF:3
LH:3
BRF:0
BRH:0
end_of_record
TN:
SF:models\Review.js
FN:46,(anonymous_0)
FN:69,(anonymous_1)
FN:73,(anonymous_2)
FNF:3
FNH:0
FNDA:0,(anonymous_0)
FNDA:0,(anonymous_1)
FNDA:0,(anonymous_2)
DA:1,1
DA:3,1
DA:37,1
DA:46,1
DA:47,0
DA:48,0
DA:59,0
DA:60,0
DA:64,0
DA:69,1
DA:70,0
DA:73,1
DA:74,0
DA:77,1
LF:14
LH:7
BRF:0
BRH:0
end_of_record
TN:
SF:models\User.js
FN:40,(anonymous_0)
FN:49,(anonymous_1)
FN:56,(anonymous_2)
FN:61,(anonymous_3)
FNF:4
FNH:0
FNDA:0,(anonymous_0)
FNDA:0,(anonymous_1)
FNDA:0,(anonymous_2)
FNDA:0,(anonymous_3)
DA:1,1
DA:2,1
DA:3,1
DA:4,1
DA:6,1
DA:40,1
DA:41,0
DA:42,0
DA:44,0
DA:45,0
DA:49,1
DA:50,0
DA:56,1
DA:57,0
DA:61,1
DA:63,0
DA:66,0
DA:72,0
DA:74,0
DA:77,1
LF:20
LH:10
BRDA:41,0,0,0
BRDA:41,0,1,0
BRF:2
BRH:0
end_of_record
TN:
SF:routes\auth.js
FNF:0
FNH:0
DA:1,1
DA:10,1
DA:12,1
DA:14,1
DA:16,1
DA:17,1
DA:18,1
DA:19,1
DA:20,1
DA:21,1
DA:22,1
DA:24,1
LF:12
LH:12
BRF:0
BRH:0
end_of_record
TN:
SF:routes\bootcamps.js
FNF:0
FNH:0
DA:1,1
DA:10,1
DA:12,1
DA:14,1
DA:17,1
DA:18,1
DA:20,1
DA:22,1
DA:25,1
DA:26,1
DA:28,1
DA:30,1
DA:34,1
DA:38,1
DA:44,1
LF:15
LH:15
BRF:0
BRH:0
end_of_record
TN:
SF:routes\courses.js
FNF:0
FNH:0
DA:1,1
DA:8,1
DA:10,1
DA:12,1
DA:14,1
DA:16,1
DA:18,1
DA:29,1
DA:35,1
LF:9
LH:9
BRF:0
BRH:0
end_of_record
TN:
SF:routes\posts.js
FNF:0
FNH:0
DA:1,1
DA:11,1
DA:13,1
DA:15,1
DA:17,1
DA:18,1
DA:19,1
DA:20,1
DA:21,1
DA:22,1
DA:24,1
LF:11
LH:11
BRF:0
BRH:0
end_of_record
TN:
SF:routes\profiles.js
FNF:0
FNH:0
DA:1,1
DA:14,1
DA:16,1
DA:18,1
DA:20,1
DA:21,1
DA:28,1
DA:29,1
DA:31,1
DA:32,1
DA:34,1
DA:36,1
DA:38,1
LF:13
LH:13
BRF:0
BRH:0
end_of_record
TN:
SF:routes\reviews.js
FNF:0
FNH:0
DA:1,1
DA:8,1
DA:9,1
DA:11,1
DA:13,1
DA:14,1
DA:16,1
DA:27,1
DA:33,1
LF:9
LH:9
BRF:0
BRH:0
end_of_record
TN:
SF:routes\users.js
FNF:0
FNH:0
DA:1,1
DA:8,1
DA:10,1
DA:12,1
DA:14,1
DA:15,1
DA:17,1
DA:18,1
DA:20,1
DA:21,1
DA:23,1
LF:11
LH:11
BRF:0
BRH:0
end_of_record
TN:
SF:utils\errorResponse.js
FN:2,(anonymous_0)
FNF:1
FNH:0
FNDA:0,(anonymous_0)
DA:3,0
DA:4,0
DA:8,1
LF:3
LH:1
BRF:0
BRH:0
end_of_record
TN:
SF:utils\geoCoder.js
FNF:0
FNH:0
DA:1,1
DA:3,1
DA:10,1
DA:12,1
LF:4
LH:4
BRF:0
BRH:0
end_of_record
TN:
SF:utils\sendEmail.js
FN:4,(anonymous_0)
FNF:1
FNH:0
FNDA:0,(anonymous_0)
DA:1,1
DA:4,1
DA:6,0
DA:16,0
DA:23,0
DA:25,0
DA:28,1
LF:7
LH:3
BRF:0
BRH:0
end_of_record
